Log file open, 02/03/20 17:21:37
LogWindows: Failed to load 'aqProf.dll' (GetLastError=126)
LogWindows: File 'aqProf.dll' does not exist
LogWindows: Failed to load 'VSPerf140.dll' (GetLastError=126)
LogWindows: File 'VSPerf140.dll' does not exist
LogWindows: Failed to load 'VtuneApi.dll' (GetLastError=126)
LogWindows: File 'VtuneApi.dll' does not exist
LogWindows: Failed to load 'VtuneApi32e.dll' (GetLastError=126)
LogWindows: File 'VtuneApi32e.dll' does not exist
LogInit: Display: Running engine for game: DemoSkeeBallProject
LogPlatformFile: Not using cached read wrapper
LogInit: Display: RandInit(-1286195328) SRandInit(-1286195328).
LogTaskGraph: Started task graph with 5 named threads and 14 total threads with 3 sets of task threads.
LogStats: Stats thread started at 0.253255
LogD3D11RHI: Aftermath initialized
LogPluginManager: Mounting plugin Paper2D
LogPluginManager: Mounting plugin LightPropagationVolume
LogPluginManager: Mounting plugin CodeLiteSourceCodeAccess
LogPluginManager: Mounting plugin GitSourceControl
LogPluginManager: Mounting plugin KDevelopSourceCodeAccess
LogPluginManager: Mounting plugin NullSourceCodeAccess
LogPluginManager: Mounting plugin PerforceSourceControl
LogPluginManager: Mounting plugin SubversionSourceControl
LogPluginManager: Mounting plugin UObjectPlugin
LogPluginManager: Mounting plugin VisualStudioSourceCodeAccess
LogPluginManager: Mounting plugin XCodeSourceCodeAccess
LogPluginManager: Mounting plugin AssetManagerEditor
LogPluginManager: Mounting plugin AudioCapture
LogPluginManager: Mounting plugin FacialAnimation
LogPluginManager: Mounting plugin GameplayTagsEditor
LogPluginManager: Mounting plugin MobileLauncherProfileWizard
LogPluginManager: Mounting plugin PluginBrowser
LogPluginManager: Mounting plugin SpeedTreeImporter
LogPluginManager: Mounting plugin AlembicImporter
LogPluginManager: Mounting plugin CharacterAI
LogPluginManager: Mounting plugin HTML5Networking
LogPluginManager: Mounting plugin AndroidMedia
LogPluginManager: Mounting plugin AvfMedia
LogPluginManager: Mounting plugin MediaPlayerEditor
LogPluginManager: Mounting plugin WmfMedia
LogPluginManager: Mounting plugin TcpMessaging
LogPluginManager: Mounting plugin UdpMessaging
LogPluginManager: Mounting plugin LevelSequenceEditor
LogPluginManager: Mounting plugin MatineeToLevelSequence
LogPluginManager: Mounting plugin OnlineSubsystemGooglePlay
LogPluginManager: Mounting plugin OnlineSubsystemIOS
LogPluginManager: Mounting plugin OnlineSubsystem
LogPluginManager: Mounting plugin OnlineSubsystemNull
LogPluginManager: Mounting plugin OnlineSubsystemUtils
LogPluginManager: Mounting plugin AndroidDeviceProfileSelector
LogPluginManager: Mounting plugin AndroidMoviePlayer
LogPluginManager: Mounting plugin AndroidPermission
LogPluginManager: Mounting plugin AppleMoviePlayer
LogPluginManager: Mounting plugin ArchVisCharacter
LogPluginManager: Mounting plugin CableComponent
LogPluginManager: Mounting plugin CustomMeshComponent
LogPluginManager: Mounting plugin ExampleDeviceProfileSelector
LogPluginManager: Mounting plugin GoogleCloudMessaging
LogPluginManager: Mounting plugin ImmediatePhysics
LogPluginManager: Mounting plugin IOSDeviceProfileSelector
LogPluginManager: Mounting plugin LinuxDeviceProfileSelector
LogPluginManager: Mounting plugin LocationServicesBPLibrary
LogPluginManager: Mounting plugin MobilePatchingUtils
LogPluginManager: Mounting plugin OculusVR
LogPluginManager: Mounting plugin PhysXVehicles
LogPluginManager: Mounting plugin ProceduralMeshComponent
LogPluginManager: Mounting plugin RuntimePhysXCooking
LogPluginManager: Mounting plugin SteamVR
LogPluginManager: Mounting plugin WindowsMoviePlayer
LogInit: Warning: Incompatible or missing module: UE4Editor-DemoSkeeBallProject.dll
Running C:/Program Files/Epic Games/UE_4.17/Engine/Binaries/DotNET/UnrealBuildTool.exe DemoSkeeBallProject Development Win64 -project="C:/Users/bossley.9/Downloads/DemoSkeeBallProject/DemoSkeeBallProject.uproject" -editorrecompile -progress -NoHotReloadFromIDE
Creating makefile for DemoSkeeBallProject (no existing makefile)
Performing full C++ include scan (no include cache file)
@progress push 5%
Parsing headers for DemoSkeeBallProjectEditor
  Running UnrealHeaderTool "C:\Users\bossley.9\Downloads\DemoSkeeBallProject\DemoSkeeBallProject.uproject" "C:\Users\bossley.9\Downloads\DemoSkeeBallProject\Intermediate\Build\Win64\DemoSkeeBallProjectEditor\Development\DemoSkeeBallProjectEditor.uhtmanifest" -LogCmds="loginit warning, logexit warning, logdatabase error" -Unattended -WarningsAsErrors -installed
Reflection code generated for DemoSkeeBallProjectEditor in 9.2027777 seconds
@progress pop
Performing 9 actions (4 in parallel)
[3/9] Resource PCLaunch.rc
[2/9] Resource ModuleVersionResource.rc.inl
SharedPCH.Engine.cpp
DemoSkeeBallProject.cpp
DemoSkeeBallProjectGameModeBase.cpp
DemoSkeeBallProjectGameModeBase.gen.cpp
DemoSkeeBallProject.init.gen.cpp
[8/9] Link UE4Editor-DemoSkeeBallProject.dll
[9/9] Link UE4Editor-DemoSkeeBallProject.lib
   Creating library C:\Users\bossley.9\Downloads\DemoSkeeBallProject\Intermediate\Build\Win64\UE4Editor\Development\UE4Editor-DemoSkeeBallProject.lib and object C:\Users\bossley.9\Downloads\DemoSkeeBallProject\Intermediate\Build\Win64\UE4Editor\Development\UE4Editor-DemoSkeeBallProject.exp
   Creating library C:\Users\bossley.9\Downloads\DemoSkeeBallProject\Intermediate\Build\Win64\UE4Editor\Development\UE4Editor-DemoSkeeBallProject.suppressed.lib and object C:\Users\bossley.9\Downloads\DemoSkeeBallProject\Intermediate\Build\Win64\UE4Editor\Development\UE4Editor-DemoSkeeBallProject.suppressed.exp
Total build time: 30.91 seconds (Local executor: 6.83 seconds)
LogInit: Using libcurl 7.47.1
LogInit:  - built for x86_64-pc-win32
LogInit:  - supports SSL with OpenSSL/1.0.2g
LogInit:  - supports HTTP deflate (compression) using libz 1.2.8
LogInit:  - other features:
LogInit:      CURL_VERSION_SSL
LogInit:      CURL_VERSION_LIBZ
LogInit:      CURL_VERSION_IPV6
LogInit:      CURL_VERSION_ASYNCHDNS
LogInit:      CURL_VERSION_LARGEFILE
LogInit:      CURL_VERSION_IDN
LogInit:  CurlRequestOptions (configurable via config and command line):
LogInit:  - bVerifyPeer = false  - Libcurl will NOT verify peer certificate
LogInit:  - bUseHttpProxy = false  - Libcurl will NOT use HTTP proxy
LogInit:  - bDontReuseConnections = false  - Libcurl will reuse connections
LogInit:  - CertBundlePath = nullptr  - Libcurl will use whatever was configured at build time.
LogInit: Build: ++UE4+Release-4.17-CL-3658906
LogInit: Engine Version: 4.17.2-3658906+++UE4+Release-4.17
LogInit: Compatible Engine Version: 4.17.0-3573198+++UE4+Release-4.17
LogInit: Net CL: 3573198
LogDevObjectVersion: Number of dev versions registered: 16
LogDevObjectVersion:   Dev-Blueprints (B0D832E4-1F89-4F0D-ACCF-7EB736FD4AA2): 10
LogDevObjectVersion:   Dev-Build (E1C64328-A22C-4D53-A36C-8E866417BD8C): 0
LogDevObjectVersion:   Dev-Core (375EC13C-06E4-48FB-B500-84F0262A717E): 2
LogDevObjectVersion:   Dev-Editor (E4B068ED-F494-42E9-A231-DA0B2E46BB41): 20
LogDevObjectVersion:   Dev-Framework (CFFC743F-43B0-4480-9391-14DF171D2073): 28
LogDevObjectVersion:   Dev-Mobile (B02B49B5-BB20-44E9-A304-32B752E40360): 0
LogDevObjectVersion:   Dev-Networking (A4E4105C-59A1-49B5-A7C5-40C4547EDFEE): 0
LogDevObjectVersion:   Dev-Online (39C831C9-5AE6-47DC-9A44-9C173E1C8E7C): 0
LogDevObjectVersion:   Dev-Physics (78F01B33-EBEA-4F98-B9B4-84EACCB95AA2): 0
LogDevObjectVersion:   Dev-Platform (6631380F-2D4D-43E0-8009-CF276956A95A): 0
LogDevObjectVersion:   Dev-Rendering (12F88B9F-8875-4AFC-A67C-D90C383ABD29): 19
LogDevObjectVersion:   Dev-Sequencer (7B5AE74C-D270-4C10-A958-57980B212A5A): 4
LogDevObjectVersion:   Dev-VR (D7296918-1DD6-4BDD-9DE2-64A83CC13884): 0
LogDevObjectVersion:   Dev-LoadTimes (C2A15278-BFE7-4AFE-6C17-90FF531DF755): 1
LogDevObjectVersion:   Private-Geometry (6EACA3D4-40EC-4CC1-B786-8BED09428FC5): 1
LogDevObjectVersion:   Dev-AnimPhys (29E575DD-E0A3-4627-9D10-D276232CDCEA): 7
LogInit: Compiled (64-bit): Sep 22 2017 13:47:16
LogInit: Compiled with Visual C++: 19.00.24215.01
LogInit: Build Configuration: Development
LogInit: Branch Name: ++UE4+Release-4.17
LogInit: Command line:  
LogInit: Base directory: C:/Program Files/Epic Games/UE_4.17/Engine/Binaries/Win64/
LogInit: Installed Engine Build: 1
LogInit: Presizing for max 8388607 objects, including 0 objects not considered by GC, pre-allocating 0 bytes for permanent pool.
LogInit: Object subsystem initialized
[2020.02.03-22.22.17:711][  0]LogInit: Selected Device Profile: [Windows]
[2020.02.03-22.22.17:711][  0]LogInit: Applying CVar settings loaded from the selected device profile: [Windows]
[2020.02.03-22.22.17:725][  0]LogInit: Computer: MT330D11
[2020.02.03-22.22.17:725][  0]LogInit: User: bossley9
[2020.02.03-22.22.17:725][  0]LogInit: CPU Page size=4096, Cores=4
[2020.02.03-22.22.17:725][  0]LogInit: High frequency timer resolution =3.410078 MHz
[2020.02.03-22.22.17:726][  0]LogMemory: Memory total: Physical=15.9GB (16GB approx)
[2020.02.03-22.22.17:726][  0]LogMemory: Platform Memory Stats for Windows
[2020.02.03-22.22.17:726][  0]LogMemory: Process Physical Memory: 289.26 MB used, 289.26 MB peak
[2020.02.03-22.22.17:726][  0]LogMemory: Process Virtual Memory: 279.39 MB used, 279.39 MB peak
[2020.02.03-22.22.17:726][  0]LogMemory: Physical Memory: 8328.26 MB used,  7977.86 MB free, 16306.12 MB total
[2020.02.03-22.22.17:726][  0]LogMemory: Virtual Memory: 4922.97 MB used,  7977.86 MB free, 134217728.00 MB total
[2020.02.03-22.22.18:381][  0]LogInit: Using OS detected language (en-US).
[2020.02.03-22.22.18:381][  0]LogInit: Using OS detected locale (en-US).
[2020.02.03-22.22.18:398][  0]LogTextLocalizationManager: No specific localization for 'en-US' exists, so the 'en' localization will be used.
[2020.02.03-22.22.20:174][  0]LogD3D11RHI: D3D11 adapters:
[2020.02.03-22.22.20:270][  0]LogD3D11RHI:    0. 'NVIDIA GeForce GTX 1080' (Feature Level 11_0)
[2020.02.03-22.22.20:270][  0]LogD3D11RHI:       8079/0/8153 MB DedicatedVideo/DedicatedSystem/SharedSystem, Outputs:2, VendorId:0x10de
[2020.02.03-22.22.20:273][  0]LogD3D11RHI:    1. 'Microsoft Basic Render Driver' (Feature Level 11_0)
[2020.02.03-22.22.20:273][  0]LogD3D11RHI:       0/0/8153 MB DedicatedVideo/DedicatedSystem/SharedSystem, Outputs:0, VendorId:0x1414
[2020.02.03-22.22.20:273][  0]LogD3D11RHI: Chosen D3D11 Adapter: 0
[2020.02.03-22.22.20:291][  0]LogD3D11RHI: Creating new Direct3DDevice
[2020.02.03-22.22.20:291][  0]LogD3D11RHI:     GPU DeviceId: 0x1b80 (for the marketing name, search the web for "GPU Device Id")
[2020.02.03-22.22.20:291][  0]LogWindows: EnumDisplayDevices:
[2020.02.03-22.22.20:291][  0]LogWindows:    0. 'NVIDIA GeForce GTX 1080' (P:1 D:1)
[2020.02.03-22.22.20:292][  0]LogWindows:    1. 'NVIDIA GeForce GTX 1080' (P:0 D:1)
[2020.02.03-22.22.20:292][  0]LogWindows:    2. 'NVIDIA GeForce GTX 1080' (P:0 D:0)
[2020.02.03-22.22.20:292][  0]LogWindows:    3. 'NVIDIA GeForce GTX 1080' (P:0 D:0)
[2020.02.03-22.22.20:293][  0]LogWindows: DebugString: GetVideoDriverDetailsInvalid PrimaryIsNotTheChoosenAdapter GetVideoDriverDetailsInvalid PrimaryIsNotTheChoosenAdapter GetVideoDriverDetailsInvalid PrimaryIsNotTheChoosenAdapter GetVideoDriverDetailsInvalid PrimaryIsNotTheChoosenAdapter FoundDriverCount:0 
[2020.02.03-22.22.20:293][  0]LogD3D11RHI:     Adapter Name: NVIDIA GeForce GTX 1080
[2020.02.03-22.22.20:293][  0]LogD3D11RHI:   Driver Version: Unknown (internal:Unknown, unified:Unknown)
[2020.02.03-22.22.20:293][  0]LogD3D11RHI:      Driver Date: Unknown
[2020.02.03-22.22.20:293][  0]LogRHI: Texture pool is 1361 MB (70% of 1945 MB)
[2020.02.03-22.22.20:350][  0]LogD3D11RHI: Async texture creation enabled
[2020.02.03-22.22.20:367][  0]LogD3D11RHI: GPU Timing Frequency: 1000.000000 (Debug: 2 1)
[2020.02.03-22.22.20:413][  0]LogShaderCompilers: Guid format shader working directory is -11 characters bigger than the processId version (../../../../../../Users/bossley.9/Downloads/DemoSkeeBallProject/Intermediate/Shaders/WorkingDirectory/36744/).
[2020.02.03-22.22.20:413][  0]LogShaderCompilers: Cleaned the shader compiler working directory 'C:/Users/bossley.9/AppData/Local/Temp/26/UnrealShaderWorkingDir/35808C5F4E6D7CE9C30D438EAFBE7718/'.
[2020.02.03-22.22.20:413][  0]LogShaderCompilers: Display: Using Local Shader Compiler.
[2020.02.03-22.22.23:456][  0]LogTemp: Display: Loaded TP AllDesktopTargetPlatform
[2020.02.03-22.22.23:625][  0]LogTemp: Display: Loaded TP MacClientTargetPlatform
[2020.02.03-22.22.23:793][  0]LogTemp: Display: Loaded TP MacNoEditorTargetPlatform
[2020.02.03-22.22.23:971][  0]LogTemp: Display: Loaded TP MacServerTargetPlatform
[2020.02.03-22.22.24:164][  0]LogTemp: Display: Loaded TP MacTargetPlatform
[2020.02.03-22.22.24:341][  0]LogTemp: Display: Loaded TP WindowsClientTargetPlatform
[2020.02.03-22.22.24:518][  0]LogTemp: Display: Loaded TP WindowsNoEditorTargetPlatform
[2020.02.03-22.22.24:699][  0]LogTemp: Display: Loaded TP WindowsServerTargetPlatform
[2020.02.03-22.22.24:857][  0]LogTemp: Display: Loaded TP WindowsTargetPlatform
[2020.02.03-22.22.25:025][  0]LogTemp: Display: Loaded TP AndroidTargetPlatform
[2020.02.03-22.22.25:206][  0]LogTemp: Display: Loaded TP Android_ASTCTargetPlatform
[2020.02.03-22.22.25:382][  0]LogTemp: Display: Loaded TP Android_ATCTargetPlatform
[2020.02.03-22.22.25:563][  0]LogTemp: Display: Loaded TP Android_DXTTargetPlatform
[2020.02.03-22.22.25:749][  0]LogTemp: Display: Loaded TP Android_ETC1TargetPlatform
[2020.02.03-22.22.25:911][  0]LogTemp: Display: Loaded TP Android_ETC2TargetPlatform
[2020.02.03-22.22.26:238][  0]LogTemp: Display: Loaded TP Android_MultiTargetPlatform
[2020.02.03-22.22.26:238][  0]LogTemp: Display: Loaded TP Android_PVRTCTargetPlatform
[2020.02.03-22.22.26:386][  0]LogTemp: Display: Loaded TP HTML5TargetPlatform
[2020.02.03-22.22.26:690][  0]LogTemp: Display: Loaded TP IOSTargetPlatform
[2020.02.03-22.22.26:788][  0]LogTemp: Display: Loaded TP TVOSTargetPlatform
[2020.02.03-22.22.26:947][  0]LogTemp: Display: Loaded TP LinuxClientTargetPlatform
[2020.02.03-22.22.27:104][  0]LogTemp: Display: Loaded TP LinuxNoEditorTargetPlatform
[2020.02.03-22.22.27:263][  0]LogTemp: Display: Loaded TP LinuxServerTargetPlatform
[2020.02.03-22.22.27:441][  0]LogTemp: Display: Loaded TP LinuxTargetPlatform
[2020.02.03-22.22.27:441][  0]LogTargetPlatformManager: Display: Building Assets For Windows
[2020.02.03-22.22.29:436][  0]LogDerivedDataCache: Display: Max Cache Size: 512 MB
[2020.02.03-22.22.29:720][  0]LogDerivedDataCache: Loaded boot cache 0.28s 93MB C:/Users/bossley.9/AppData/Local/UnrealEngine/4.17/DerivedDataCache/Boot.ddc.
[2020.02.03-22.22.29:720][  0]LogDerivedDataCache: Display: Loaded Boot cache: C:/Users/bossley.9/AppData/Local/UnrealEngine/4.17/DerivedDataCache/Boot.ddc
[2020.02.03-22.22.29:721][  0]LogDerivedDataCache: FDerivedDataBackendGraph:  Pak pak cache file ../../../../../../Users/bossley.9/Downloads/DemoSkeeBallProject/DerivedDataCache/DDC.ddp not found, will not use a pak cache.
[2020.02.03-22.22.29:721][  0]LogDerivedDataCache: Unable to find inner node Pak for hierarchical cache Hierarchy.
[2020.02.03-22.22.29:721][  0]LogDerivedDataCache: FDerivedDataBackendGraph:  CompressedPak pak cache file ../../../../../../Users/bossley.9/Downloads/DemoSkeeBallProject/DerivedDataCache/Compressed.ddp not found, will not use a pak cache.
[2020.02.03-22.22.29:721][  0]LogDerivedDataCache: Unable to find inner node CompressedPak for hierarchical cache Hierarchy.
[2020.02.03-22.22.29:736][  0]LogDerivedDataCache: Display: Pak cache opened for reading ../../../Engine/DerivedDataCache/Compressed.ddp.
[2020.02.03-22.22.29:750][  0]LogDerivedDataCache: Using Local data cache path C:/Users/bossley.9/AppData/Local/UnrealEngine/Common/DerivedDataCache: Writable
[2020.02.03-22.22.29:760][  0]LogMaterial: Verifying Global Shaders for PCD3D_SM5
[2020.02.03-22.22.29:761][  0]LogSlate: Using Freetype 2.6.0
[2020.02.03-22.22.29:780][  0]LogSlate: SlateFontCache - WITH_FREETYPE: 1, WITH_HARFBUZZ: 1
[2020.02.03-22.22.29:780][  0]LogSlate: SlateFontCache - WITH_FREETYPE: 1, WITH_HARFBUZZ: 1
[2020.02.03-22.22.30:356][  0]LogAssetRegistry: FAssetRegistry took 0.0274 seconds to start up
[2020.02.03-22.22.30:604][  0]LogInit: Selected Device Profile: [Windows]
[2020.02.03-22.22.30:899][  0]LogContentStreaming: Texture pool size is 0.00 MB
[2020.02.03-22.22.31:924][  0]LogSimplygon: Simplygon DLL not present - disabling.
[2020.02.03-22.22.32:080][  0]LogMeshReduction: Using SimplygonSwarm for distributed automatic mesh merging
[2020.02.03-22.22.32:080][  0]LogMeshReduction: Using QuadricMeshReduction for automatic static mesh reduction
[2020.02.03-22.22.32:080][  0]LogMeshReduction: No automatic skeletal mesh reduction module available
[2020.02.03-22.22.32:080][  0]LogMeshReduction: No automatic mesh merging module available
[2020.02.03-22.22.32:080][  0]LogMeshMerging: No automatic mesh merging module available
[2020.02.03-22.22.32:755][  0]LogNetVersion: DemoSkeeBallProject , NetCL: 3573198, EngineNetVer: 2, GameNetVer: 0 (Checksum: 1243915744)
[2020.02.03-22.22.33:276][  0]LogPackageLocalizationCache: Processed 5 localized package path(s) for 2 prioritized culture(s) in 0.095720 seconds
[2020.02.03-22.22.33:285][  0]LogUObjectArray: 35825 objects as part of root set at end of initial load.
[2020.02.03-22.22.33:285][  0]LogUObjectAllocator: 7529112 out of 0 bytes used by permanent object pool.
[2020.02.03-22.22.33:285][  0]LogUObjectArray: CloseDisregardForGC: 0/0 objects in disregard for GC pool
[2020.02.03-22.22.33:551][  0]LogInit: WinSock: version 1.1 (2.2), MaxSocks=32767, MaxUdp=65467
[2020.02.03-22.22.49:634][  0]LogTcpMessaging: Initializing TcpMessaging bridge
[2020.02.03-22.22.49:779][  0]LogUdpMessaging: Initializing bridge on interface 0.0.0.0:0 to multicast group 230.0.0.1:6666.
[2020.02.03-22.22.52:317][  0]LogMaterial: Uniform references updated for custom material expression Custom.
[2020.02.03-22.22.53:731][  0]SourceControl: Source control is disabled
[2020.02.03-22.22.53:731][  0]SourceControl: Source control is disabled
[2020.02.03-22.22.53:929][  0]SourceControl: Source control is disabled
[2020.02.03-22.22.54:126][  0]SourceControl: Source control is disabled
[2020.02.03-22.22.56:522][  0]LogAndroidPermission: UAndroidPermissionCallbackProxy::GetInstance
[2020.02.03-22.22.57:513][  0]LogOcInput: OculusInput pre-init called
[2020.02.03-22.22.58:469][  0]LogEngine: Initializing Engine...
[2020.02.03-22.22.58:470][  0]LogHMD: Oculus plugin initialized. Version: 4.17.2-3658906+++UE4+Release-4.17, OVRPlugin: 1.15.0
[2020.02.03-22.22.58:874][  0]LogStats: UGameplayTagsManager::ConstructGameplayTagTree: Construct from data asset -  0.000 s
[2020.02.03-22.22.58:874][  0]LogStats: UGameplayTagsManager::ConstructGameplayTagTree: GameplayTagTreeChangedEvent.Broadcast -  0.000 s
[2020.02.03-22.22.59:374][  0]LogAIModule: Creating AISystem for world Untitled
[2020.02.03-22.22.59:429][  0]LogInit: XAudio2 using 'Speakers / Headphones (Realtek Audio)' : 2 channels at 48 kHz using 32 bits per sample (channel mask 0x3)
[2020.02.03-22.22.59:484][  0]LogInit: FAudioDevice initialized.
[2020.02.03-22.22.59:784][  0]LogDerivedDataCache: Saved boot cache 0.30s 93MB C:/Users/bossley.9/AppData/Local/UnrealEngine/4.17/DerivedDataCache/Boot.ddc.
[2020.02.03-22.22.59:805][  0]LogInit: Texture streaming: Enabled
[2020.02.03-22.23.00:284][  0]LogEngineSessionManager: EngineSessionManager initialized
[2020.02.03-22.23.01:238][  0]LogInit: Transaction tracking system initialized
[2020.02.03-22.23.02:493][  0]BlueprintLog: New page: Editor Load
[2020.02.03-22.23.06:043][  0]LocalizationService: Localization service is disabled
[2020.02.03-22.23.08:739][  0]LogConsoleResponse: Display: 
[2020.02.03-22.23.09:129][  0]LogCook: Display: Max memory allowance for cook 16384mb min free memory 0mb
[2020.02.03-22.23.09:129][  0]LogCook: Display: Mobile HDR setting 1
[2020.02.03-22.23.09:129][  0]LogGameplayTags: Display: UGameplayTagsManager::DoneAddingNativeTags. DelegateIsBound: 0
[2020.02.03-22.23.09:136][  0]LogFileCache: Scanning file cache for directory 'C:/Users/bossley.9/Downloads/DemoSkeeBallProject/Content/' took 0.01s
[2020.02.03-22.23.13:348][  0]SourceControl: Source control is disabled
[2020.02.03-22.23.13:349][  0]LogFactory: FactoryCreateFile: PackFactory with PackFactory (0 0 C:/Program Files/Epic Games/UE_4.17/FeaturePacks/StarterContent.upack)
[2020.02.03-22.23.13:368][  0]LogPackFactory: Finished extracting 8 files (including 0 errors).
[2020.02.03-22.23.13:385][  0]LogPackFactory: Copied "../../../Samples/StarterContent/Content/StarterContent/Architecture/Floor_400x400.uasset" to "../../../../../../Users/bossley.9/Downloads/DemoSkeeBallProject/Content/StarterContent/Architecture/Floor_400x400.uasset"
[2020.02.03-22.23.13:387][  0]LogPackFactory: Copied "../../../Samples/StarterContent/Content/StarterContent/Architecture/Pillar_50x500.uasset" to "../../../../../../Users/bossley.9/Downloads/DemoSkeeBallProject/Content/StarterContent/Architecture/Pillar_50x500.uasset"
[2020.02.03-22.23.13:415][  0]LogPackFactory: Copied "../../../Samples/StarterContent/Content/StarterContent/Architecture/SM_AssetPlatform.uasset" to "../../../../../../Users/bossley.9/Downloads/DemoSkeeBallProject/Content/StarterContent/Architecture/SM_AssetPlatform.uasset"
[2020.02.03-22.23.13:418][  0]LogPackFactory: Copied "../../../Samples/StarterContent/Content/StarterContent/Architecture/Wall_400x200.uasset" to "../../../../../../Users/bossley.9/Downloads/DemoSkeeBallProject/Content/StarterContent/Architecture/Wall_400x200.uasset"
[2020.02.03-22.23.13:420][  0]LogPackFactory: Copied "../../../Samples/StarterContent/Content/StarterContent/Architecture/Wall_400x300.uasset" to "../../../../../../Users/bossley.9/Downloads/DemoSkeeBallProject/Content/StarterContent/Architecture/Wall_400x300.uasset"
[2020.02.03-22.23.13:422][  0]LogPackFactory: Copied "../../../Samples/StarterContent/Content/StarterContent/Architecture/Wall_400x400.uasset" to "../../../../../../Users/bossley.9/Downloads/DemoSkeeBallProject/Content/StarterContent/Architecture/Wall_400x400.uasset"
[2020.02.03-22.23.13:424][  0]LogPackFactory: Copied "../../../Samples/StarterContent/Content/StarterContent/Architecture/Wall_500x500.uasset" to "../../../../../../Users/bossley.9/Downloads/DemoSkeeBallProject/Content/StarterContent/Architecture/Wall_500x500.uasset"
[2020.02.03-22.23.13:426][  0]LogPackFactory: Copied "../../../Samples/StarterContent/Content/StarterContent/Architecture/Wall_Door_400x300.uasset" to "../../../../../../Users/bossley.9/Downloads/DemoSkeeBallProject/Content/StarterContent/Architecture/Wall_Door_400x300.uasset"
[2020.02.03-22.23.13:428][  0]LogPackFactory: Copied "../../../Samples/StarterContent/Content/StarterContent/Architecture/Wall_Door_400x400.uasset" to "../../../../../../Users/bossley.9/Downloads/DemoSkeeBallProject/Content/StarterContent/Architecture/Wall_Door_400x400.uasset"
[2020.02.03-22.23.13:430][  0]LogPackFactory: Copied "../../../Samples/StarterContent/Content/StarterContent/Architecture/Wall_Window_400x300.uasset" to "../../../../../../Users/bossley.9/Downloads/DemoSkeeBallProject/Content/StarterContent/Architecture/Wall_Window_400x300.uasset"
[2020.02.03-22.23.13:432][  0]LogPackFactory: Copied "../../../Samples/StarterContent/Content/StarterContent/Architecture/Wall_Window_400x400.uasset" to "../../../../../../Users/bossley.9/Downloads/DemoSkeeBallProject/Content/StarterContent/Architecture/Wall_Window_400x400.uasset"
[2020.02.03-22.23.13:449][  0]LogPackFactory: Copied "../../../Samples/StarterContent/Content/StarterContent/Audio/Collapse01.uasset" to "../../../../../../Users/bossley.9/Downloads/DemoSkeeBallProject/Content/StarterContent/Audio/Collapse01.uasset"
[2020.02.03-22.23.13:458][  0]LogPackFactory: Copied "../../../Samples/StarterContent/Content/StarterContent/Audio/Collapse02.uasset" to "../../../../../../Users/bossley.9/Downloads/DemoSkeeBallProject/Content/StarterContent/Audio/Collapse02.uasset"
[2020.02.03-22.23.13:460][  0]LogPackFactory: Copied "../../../Samples/StarterContent/Content/StarterContent/Audio/Collapse_Cue.uasset" to "../../../../../../Users/bossley.9/Downloads/DemoSkeeBallProject/Content/StarterContent/Audio/Collapse_Cue.uasset"
[2020.02.03-22.23.13:468][  0]LogPackFactory: Copied "../../../Samples/StarterContent/Content/StarterContent/Audio/Explosion01.uasset" to "../../../../../../Users/bossley.9/Downloads/DemoSkeeBallProject/Content/StarterContent/Audio/Explosion01.uasset"
[2020.02.03-22.23.13:481][  0]LogPackFactory: Copied "../../../Samples/StarterContent/Content/StarterContent/Audio/Explosion02.uasset" to "../../../../../../Users/bossley.9/Downloads/DemoSkeeBallProject/Content/StarterContent/Audio/Explosion02.uasset"
[2020.02.03-22.23.13:483][  0]LogPackFactory: Copied "../../../Samples/StarterContent/Content/StarterContent/Audio/Explosion_Cue.uasset" to "../../../../../../Users/bossley.9/Downloads/DemoSkeeBallProject/Content/StarterContent/Audio/Explosion_Cue.uasset"
[2020.02.03-22.23.13:498][  0]LogPackFactory: Copied "../../../Samples/StarterContent/Content/StarterContent/Audio/Fire01.uasset" to "../../../../../../Users/bossley.9/Downloads/DemoSkeeBallProject/Content/StarterContent/Audio/Fire01.uasset"
[2020.02.03-22.23.13:500][  0]LogPackFactory: Copied "../../../Samples/StarterContent/Content/StarterContent/Audio/Fire01_Cue.uasset" to "../../../../../../Users/bossley.9/Downloads/DemoSkeeBallProject/Content/StarterContent/Audio/Fire01_Cue.uasset"
[2020.02.03-22.23.13:517][  0]LogPackFactory: Copied "../../../Samples/StarterContent/Content/StarterContent/Audio/Fire_Sparks01.uasset" to "../../../../../../Users/bossley.9/Downloads/DemoSkeeBallProject/Content/StarterContent/Audio/Fire_Sparks01.uasset"
[2020.02.03-22.23.13:519][  0]LogPackFactory: Copied "../../../Samples/StarterContent/Content/StarterContent/Audio/Fire_Sparks01_Cue.uasset" to "../../../../../../Users/bossley.9/Downloads/DemoSkeeBallProject/Content/StarterContent/Audio/Fire_Sparks01_Cue.uasset"
[2020.02.03-22.23.13:532][  0]LogPackFactory: Copied "../../../Samples/StarterContent/Content/StarterContent/Audio/Light01.uasset" to "../../../../../../Users/bossley.9/Downloads/DemoSkeeBallProject/Content/StarterContent/Audio/Light01.uasset"
[2020.02.03-22.23.13:534][  0]LogPackFactory: Copied "../../../Samples/StarterContent/Content/StarterContent/Audio/Light01_Cue.uasset" to "../../../../../../Users/bossley.9/Downloads/DemoSkeeBallProject/Content/StarterContent/Audio/Light01_Cue.uasset"
[2020.02.03-22.23.13:543][  0]LogPackFactory: Copied "../../../Samples/StarterContent/Content/StarterContent/Audio/Light02.uasset" to "../../../../../../Users/bossley.9/Downloads/DemoSkeeBallProject/Content/StarterContent/Audio/Light02.uasset"
[2020.02.03-22.23.13:545][  0]LogPackFactory: Copied "../../../Samples/StarterContent/Content/StarterContent/Audio/Light02_Cue.uasset" to "../../../../../../Users/bossley.9/Downloads/DemoSkeeBallProject/Content/StarterContent/Audio/Light02_Cue.uasset"
[2020.02.03-22.23.13:561][  0]LogPackFactory: Copied "../../../Samples/StarterContent/Content/StarterContent/Audio/Smoke01.uasset" to "../../../../../../Users/bossley.9/Downloads/DemoSkeeBallProject/Content/StarterContent/Audio/Smoke01.uasset"
[2020.02.03-22.23.13:563][  0]LogPackFactory: Copied "../../../Samples/StarterContent/Content/StarterContent/Audio/Smoke01_Cue.uasset" to "../../../../../../Users/bossley.9/Downloads/DemoSkeeBallProject/Content/StarterContent/Audio/Smoke01_Cue.uasset"
[2020.02.03-22.23.13:565][  0]LogPackFactory: Copied "../../../Samples/StarterContent/Content/StarterContent/Audio/Starter_Background_Cue.uasset" to "../../../../../../Users/bossley.9/Downloads/DemoSkeeBallProject/Content/StarterContent/Audio/Starter_Background_Cue.uasset"
[2020.02.03-22.23.13:591][  0]LogPackFactory: Copied "../../../Samples/StarterContent/Content/StarterContent/Audio/Starter_Birds01.uasset" to "../../../../../../Users/bossley.9/Downloads/DemoSkeeBallProject/Content/StarterContent/Audio/Starter_Birds01.uasset"
[2020.02.03-22.23.13:650][  0]LogPackFactory: Copied "../../../Samples/StarterContent/Content/StarterContent/Audio/Starter_Music01.uasset" to "../../../../../../Users/bossley.9/Downloads/DemoSkeeBallProject/Content/StarterContent/Audio/Starter_Music01.uasset"
[2020.02.03-22.23.13:652][  0]LogPackFactory: Copied "../../../Samples/StarterContent/Content/StarterContent/Audio/Starter_Music_Cue.uasset" to "../../../../../../Users/bossley.9/Downloads/DemoSkeeBallProject/Content/StarterContent/Audio/Starter_Music_Cue.uasset"
[2020.02.03-22.23.13:673][  0]LogPackFactory: Copied "../../../Samples/StarterContent/Content/StarterContent/Audio/Starter_Wind05.uasset" to "../../../../../../Users/bossley.9/Downloads/DemoSkeeBallProject/Content/StarterContent/Audio/Starter_Wind05.uasset"
[2020.02.03-22.23.13:693][  0]LogPackFactory: Copied "../../../Samples/StarterContent/Content/StarterContent/Audio/Starter_Wind06.uasset" to "../../../../../../Users/bossley.9/Downloads/DemoSkeeBallProject/Content/StarterContent/Audio/Starter_Wind06.uasset"
[2020.02.03-22.23.13:702][  0]LogPackFactory: Copied "../../../Samples/StarterContent/Content/StarterContent/Audio/Steam01.uasset" to "../../../../../../Users/bossley.9/Downloads/DemoSkeeBallProject/Content/StarterContent/Audio/Steam01.uasset"
[2020.02.03-22.23.13:704][  0]LogPackFactory: Copied "../../../Samples/StarterContent/Content/StarterContent/Audio/Steam01_Cue.uasset" to "../../../../../../Users/bossley.9/Downloads/DemoSkeeBallProject/Content/StarterContent/Audio/Steam01_Cue.uasset"
[2020.02.03-22.23.13:713][  0]LogPackFactory: Copied "../../../Samples/StarterContent/Content/StarterContent/Blueprints/Blueprint_CeilingLight.uasset" to "../../../../../../Users/bossley.9/Downloads/DemoSkeeBallProject/Content/StarterContent/Blueprints/Blueprint_CeilingLight.uasset"
[2020.02.03-22.23.13:715][  0]LogPackFactory: Copied "../../../Samples/StarterContent/Content/StarterContent/Blueprints/Blueprint_Effect_Explosion.uasset" to "../../../../../../Users/bossley.9/Downloads/DemoSkeeBallProject/Content/StarterContent/Blueprints/Blueprint_Effect_Explosion.uasset"
[2020.02.03-22.23.13:718][  0]LogPackFactory: Copied "../../../Samples/StarterContent/Content/StarterContent/Blueprints/Blueprint_Effect_Fire.uasset" to "../../../../../../Users/bossley.9/Downloads/DemoSkeeBallProject/Content/StarterContent/Blueprints/Blueprint_Effect_Fire.uasset"
[2020.02.03-22.23.13:720][  0]LogPackFactory: Copied "../../../Samples/StarterContent/Content/StarterContent/Blueprints/Blueprint_Effect_Smoke.uasset" to "../../../../../../Users/bossley.9/Downloads/DemoSkeeBallProject/Content/StarterContent/Blueprints/Blueprint_Effect_Smoke.uasset"
[2020.02.03-22.23.13:721][  0]LogPackFactory: Copied "../../../Samples/StarterContent/Content/StarterContent/Blueprints/Blueprint_Effect_Sparks.uasset" to "../../../../../../Users/bossley.9/Downloads/DemoSkeeBallProject/Content/StarterContent/Blueprints/Blueprint_Effect_Sparks.uasset"
[2020.02.03-22.23.13:723][  0]LogPackFactory: Copied "../../../Samples/StarterContent/Content/StarterContent/Blueprints/Blueprint_Effect_Steam.uasset" to "../../../../../../Users/bossley.9/Downloads/DemoSkeeBallProject/Content/StarterContent/Blueprints/Blueprint_Effect_Steam.uasset"
[2020.02.03-22.23.13:737][  0]LogPackFactory: Copied "../../../Samples/StarterContent/Content/StarterContent/Blueprints/Blueprint_WallSconce.uasset" to "../../../../../../Users/bossley.9/Downloads/DemoSkeeBallProject/Content/StarterContent/Blueprints/Blueprint_WallSconce.uasset"
[2020.02.03-22.23.13:747][  0]LogPackFactory: Copied "../../../Samples/StarterContent/Content/StarterContent/Blueprints/BP_LightStudio.uasset" to "../../../../../../Users/bossley.9/Downloads/DemoSkeeBallProject/Content/StarterContent/Blueprints/BP_LightStudio.uasset"
[2020.02.03-22.23.13:749][  0]LogPackFactory: Copied "../../../Samples/StarterContent/Content/StarterContent/Blueprints/Assets/FogBrightnessLUT.uasset" to "../../../../../../Users/bossley.9/Downloads/DemoSkeeBallProject/Content/StarterContent/Blueprints/Assets/FogBrightnessLUT.uasset"
[2020.02.03-22.23.13:751][  0]LogPackFactory: Copied "../../../Samples/StarterContent/Content/StarterContent/Blueprints/Assets/M_LightStage_Arrows.uasset" to "../../../../../../Users/bossley.9/Downloads/DemoSkeeBallProject/Content/StarterContent/Blueprints/Assets/M_LightStage_Arrows.uasset"
[2020.02.03-22.23.13:753][  0]LogPackFactory: Copied "../../../Samples/StarterContent/Content/StarterContent/Blueprints/Assets/M_LightStage_Skybox_Black.uasset" to "../../../../../../Users/bossley.9/Downloads/DemoSkeeBallProject/Content/StarterContent/Blueprints/Assets/M_LightStage_Skybox_Black.uasset"
[2020.02.03-22.23.13:762][  0]LogPackFactory: Copied "../../../Samples/StarterContent/Content/StarterContent/Blueprints/Assets/M_LightStage_Skybox_HDRI.uasset" to "../../../../../../Users/bossley.9/Downloads/DemoSkeeBallProject/Content/StarterContent/Blueprints/Assets/M_LightStage_Skybox_HDRI.uasset"
[2020.02.03-22.23.13:778][  0]LogPackFactory: Copied "../../../Samples/StarterContent/Content/StarterContent/Blueprints/Assets/M_LightStage_Skybox_Master.uasset" to "../../../../../../Users/bossley.9/Downloads/DemoSkeeBallProject/Content/StarterContent/Blueprints/Assets/M_LightStage_Skybox_Master.uasset"
[2020.02.03-22.23.13:793][  0]LogPackFactory: Copied "../../../Samples/StarterContent/Content/StarterContent/Blueprints/Assets/Skybox.uasset" to "../../../../../../Users/bossley.9/Downloads/DemoSkeeBallProject/Content/StarterContent/Blueprints/Assets/Skybox.uasset"
[2020.02.03-22.23.13:797][  0]LogPackFactory: Copied "../../../Samples/StarterContent/Content/StarterContent/Blueprints/Assets/SM_Arrows.uasset" to "../../../../../../Users/bossley.9/Downloads/DemoSkeeBallProject/Content/StarterContent/Blueprints/Assets/SM_Arrows.uasset"
[2020.02.03-22.23.13:805][  0]LogPackFactory: Copied "../../../Samples/StarterContent/Content/StarterContent/Blueprints/Assets/SunlightColorLUT.uasset" to "../../../../../../Users/bossley.9/Downloads/DemoSkeeBallProject/Content/StarterContent/Blueprints/Assets/SunlightColorLUT.uasset"
[2020.02.03-22.23.13:964][  0]LogPackFactory: Copied "../../../Samples/StarterContent/Content/StarterContent/HDRI/HDRI_Epic_Courtyard_Daylight.uasset" to "../../../../../../Users/bossley.9/Downloads/DemoSkeeBallProject/Content/StarterContent/HDRI/HDRI_Epic_Courtyard_Daylight.uasset"
[2020.02.03-22.23.14:023][  0]LogPackFactory: Copied "../../../Samples/StarterContent/Content/StarterContent/Maps/Advanced_Lighting.umap" to "../../../../../../Users/bossley.9/Downloads/DemoSkeeBallProject/Content/StarterContent/Maps/Advanced_Lighting.umap"
[2020.02.03-22.23.14:038][  0]LogPackFactory: Copied "../../../Samples/StarterContent/Content/StarterContent/Maps/Advanced_Lighting_BuiltData.uasset" to "../../../../../../Users/bossley.9/Downloads/DemoSkeeBallProject/Content/StarterContent/Maps/Advanced_Lighting_BuiltData.uasset"
[2020.02.03-22.23.14:071][  0]LogPackFactory: Copied "../../../Samples/StarterContent/Content/StarterContent/Maps/Minimal_Default.umap" to "../../../../../../Users/bossley.9/Downloads/DemoSkeeBallProject/Content/StarterContent/Maps/Minimal_Default.umap"
[2020.02.03-22.23.14:077][  0]LogPackFactory: Copied "../../../Samples/StarterContent/Content/StarterContent/Maps/Minimal_Default_BuiltData.uasset" to "../../../../../../Users/bossley.9/Downloads/DemoSkeeBallProject/Content/StarterContent/Maps/Minimal_Default_BuiltData.uasset"
[2020.02.03-22.23.14:145][  0]LogPackFactory: Copied "../../../Samples/StarterContent/Content/StarterContent/Maps/StarterMap.umap" to "../../../../../../Users/bossley.9/Downloads/DemoSkeeBallProject/Content/StarterContent/Maps/StarterMap.umap"
[2020.02.03-22.23.14:227][  0]LogPackFactory: Copied "../../../Samples/StarterContent/Content/StarterContent/Maps/StarterMap_BuiltData.uasset" to "../../../../../../Users/bossley.9/Downloads/DemoSkeeBallProject/Content/StarterContent/Maps/StarterMap_BuiltData.uasset"
[2020.02.03-22.23.14:240][  0]LogPackFactory: Copied "../../../Samples/StarterContent/Content/StarterContent/Materials/M_AssetPlatform.uasset" to "../../../../../../Users/bossley.9/Downloads/DemoSkeeBallProject/Content/StarterContent/Materials/M_AssetPlatform.uasset"
[2020.02.03-22.23.14:242][  0]LogPackFactory: Copied "../../../Samples/StarterContent/Content/StarterContent/Materials/M_Basic_Floor.uasset" to "../../../../../../Users/bossley.9/Downloads/DemoSkeeBallProject/Content/StarterContent/Materials/M_Basic_Floor.uasset"
[2020.02.03-22.23.14:252][  0]LogPackFactory: Copied "../../../Samples/StarterContent/Content/StarterContent/Materials/M_Basic_Wall.uasset" to "../../../../../../Users/bossley.9/Downloads/DemoSkeeBallProject/Content/StarterContent/Materials/M_Basic_Wall.uasset"
[2020.02.03-22.23.14:255][  0]LogPackFactory: Copied "../../../Samples/StarterContent/Content/StarterContent/Materials/M_Brick_Clay_Beveled.uasset" to "../../../../../../Users/bossley.9/Downloads/DemoSkeeBallProject/Content/StarterContent/Materials/M_Brick_Clay_Beveled.uasset"
[2020.02.03-22.23.14:265][  0]LogPackFactory: Copied "../../../Samples/StarterContent/Content/StarterContent/Materials/M_Brick_Clay_New.uasset" to "../../../../../../Users/bossley.9/Downloads/DemoSkeeBallProject/Content/StarterContent/Materials/M_Brick_Clay_New.uasset"
[2020.02.03-22.23.14:277][  0]LogPackFactory: Copied "../../../Samples/StarterContent/Content/StarterContent/Materials/M_Brick_Clay_Old.uasset" to "../../../../../../Users/bossley.9/Downloads/DemoSkeeBallProject/Content/StarterContent/Materials/M_Brick_Clay_Old.uasset"
[2020.02.03-22.23.14:280][  0]LogPackFactory: Copied "../../../Samples/StarterContent/Content/StarterContent/Materials/M_Brick_Cut_Stone.uasset" to "../../../../../../Users/bossley.9/Downloads/DemoSkeeBallProject/Content/StarterContent/Materials/M_Brick_Cut_Stone.uasset"
[2020.02.03-22.23.14:293][  0]LogPackFactory: Copied "../../../Samples/StarterContent/Content/StarterContent/Materials/M_Brick_Hewn_Stone.uasset" to "../../../../../../Users/bossley.9/Downloads/DemoSkeeBallProject/Content/StarterContent/Materials/M_Brick_Hewn_Stone.uasset"
[2020.02.03-22.23.14:296][  0]LogPackFactory: Copied "../../../Samples/StarterContent/Content/StarterContent/Materials/M_Ceramic_Tile_Checker.uasset" to "../../../../../../Users/bossley.9/Downloads/DemoSkeeBallProject/Content/StarterContent/Materials/M_Ceramic_Tile_Checker.uasset"
[2020.02.03-22.23.14:298][  0]LogPackFactory: Copied "../../../Samples/StarterContent/Content/StarterContent/Materials/M_CobbleStone_Pebble.uasset" to "../../../../../../Users/bossley.9/Downloads/DemoSkeeBallProject/Content/StarterContent/Materials/M_CobbleStone_Pebble.uasset"
[2020.02.03-22.23.14:311][  0]LogPackFactory: Copied "../../../Samples/StarterContent/Content/StarterContent/Materials/M_CobbleStone_Rough.uasset" to "../../../../../../Users/bossley.9/Downloads/DemoSkeeBallProject/Content/StarterContent/Materials/M_CobbleStone_Rough.uasset"
[2020.02.03-22.23.14:319][  0]LogPackFactory: Copied "../../../Samples/StarterContent/Content/StarterContent/Materials/M_CobbleStone_Smooth.uasset" to "../../../../../../Users/bossley.9/Downloads/DemoSkeeBallProject/Content/StarterContent/Materials/M_CobbleStone_Smooth.uasset"
[2020.02.03-22.23.14:322][  0]LogPackFactory: Copied "../../../Samples/StarterContent/Content/StarterContent/Materials/M_ColorGrid_LowSpec.uasset" to "../../../../../../Users/bossley.9/Downloads/DemoSkeeBallProject/Content/StarterContent/Materials/M_ColorGrid_LowSpec.uasset"
[2020.02.03-22.23.14:333][  0]LogPackFactory: Copied "../../../Samples/StarterContent/Content/StarterContent/Materials/M_Concrete_Grime.uasset" to "../../../../../../Users/bossley.9/Downloads/DemoSkeeBallProject/Content/StarterContent/Materials/M_Concrete_Grime.uasset"
[2020.02.03-22.23.14:335][  0]LogPackFactory: Copied "../../../Samples/StarterContent/Content/StarterContent/Materials/M_Concrete_Panels.uasset" to "../../../../../../Users/bossley.9/Downloads/DemoSkeeBallProject/Content/StarterContent/Materials/M_Concrete_Panels.uasset"
[2020.02.03-22.23.14:347][  0]LogPackFactory: Copied "../../../Samples/StarterContent/Content/StarterContent/Materials/M_Concrete_Poured.uasset" to "../../../../../../Users/bossley.9/Downloads/DemoSkeeBallProject/Content/StarterContent/Materials/M_Concrete_Poured.uasset"
[2020.02.03-22.23.14:361][  0]LogPackFactory: Copied "../../../Samples/StarterContent/Content/StarterContent/Materials/M_Concrete_Tiles.uasset" to "../../../../../../Users/bossley.9/Downloads/DemoSkeeBallProject/Content/StarterContent/Materials/M_Concrete_Tiles.uasset"
[2020.02.03-22.23.14:495][  0]LogPackFactory: Copied "../../../Samples/StarterContent/Content/StarterContent/Materials/M_Glass.uasset" to "../../../../../../Users/bossley.9/Downloads/DemoSkeeBallProject/Content/StarterContent/Materials/M_Glass.uasset"
[2020.02.03-22.23.14:854][  0]LogPackFactory: Copied "../../../Samples/StarterContent/Content/StarterContent/Materials/M_Ground_Grass.uasset" to "../../../../../../Users/bossley.9/Downloads/DemoSkeeBallProject/Content/StarterContent/Materials/M_Ground_Grass.uasset"
[2020.02.03-22.23.15:015][  0]LogPackFactory: Copied "../../../Samples/StarterContent/Content/StarterContent/Materials/M_Ground_Gravel.uasset" to "../../../../../../Users/bossley.9/Downloads/DemoSkeeBallProject/Content/StarterContent/Materials/M_Ground_Gravel.uasset"
[2020.02.03-22.23.15:030][  0]LogPackFactory: Copied "../../../Samples/StarterContent/Content/StarterContent/Materials/M_Ground_Moss.uasset" to "../../../../../../Users/bossley.9/Downloads/DemoSkeeBallProject/Content/StarterContent/Materials/M_Ground_Moss.uasset"
[2020.02.03-22.23.15:032][  0]LogPackFactory: Copied "../../../Samples/StarterContent/Content/StarterContent/Materials/M_Metal_Brushed_Nickel.uasset" to "../../../../../../Users/bossley.9/Downloads/DemoSkeeBallProject/Content/StarterContent/Materials/M_Metal_Brushed_Nickel.uasset"
[2020.02.03-22.23.15:046][  0]LogPackFactory: Copied "../../../Samples/StarterContent/Content/StarterContent/Materials/M_Metal_Burnished_Steel.uasset" to "../../../../../../Users/bossley.9/Downloads/DemoSkeeBallProject/Content/StarterContent/Materials/M_Metal_Burnished_Steel.uasset"
[2020.02.03-22.23.15:053][  0]LogPackFactory: Copied "../../../Samples/StarterContent/Content/StarterContent/Materials/M_Metal_Chrome.uasset" to "../../../../../../Users/bossley.9/Downloads/DemoSkeeBallProject/Content/StarterContent/Materials/M_Metal_Chrome.uasset"
[2020.02.03-22.23.15:055][  0]LogPackFactory: Copied "../../../Samples/StarterContent/Content/StarterContent/Materials/M_Metal_Copper.uasset" to "../../../../../../Users/bossley.9/Downloads/DemoSkeeBallProject/Content/StarterContent/Materials/M_Metal_Copper.uasset"
[2020.02.03-22.23.15:068][  0]LogPackFactory: Copied "../../../Samples/StarterContent/Content/StarterContent/Materials/M_Metal_Gold.uasset" to "../../../../../../Users/bossley.9/Downloads/DemoSkeeBallProject/Content/StarterContent/Materials/M_Metal_Gold.uasset"
[2020.02.03-22.23.15:070][  0]LogPackFactory: Copied "../../../Samples/StarterContent/Content/StarterContent/Materials/M_Metal_Rust.uasset" to "../../../../../../Users/bossley.9/Downloads/DemoSkeeBallProject/Content/StarterContent/Materials/M_Metal_Rust.uasset"
[2020.02.03-22.23.15:072][  0]LogPackFactory: Copied "../../../Samples/StarterContent/Content/StarterContent/Materials/M_Metal_Steel.uasset" to "../../../../../../Users/bossley.9/Downloads/DemoSkeeBallProject/Content/StarterContent/Materials/M_Metal_Steel.uasset"
[2020.02.03-22.23.15:084][  0]LogPackFactory: Copied "../../../Samples/StarterContent/Content/StarterContent/Materials/M_Rock_Basalt.uasset" to "../../../../../../Users/bossley.9/Downloads/DemoSkeeBallProject/Content/StarterContent/Materials/M_Rock_Basalt.uasset"
[2020.02.03-22.23.15:095][  0]LogPackFactory: Copied "../../../Samples/StarterContent/Content/StarterContent/Materials/M_Rock_Marble_Polished.uasset" to "../../../../../../Users/bossley.9/Downloads/DemoSkeeBallProject/Content/StarterContent/Materials/M_Rock_Marble_Polished.uasset"
[2020.02.03-22.23.15:105][  0]LogPackFactory: Copied "../../../Samples/StarterContent/Content/StarterContent/Materials/M_Rock_Sandstone.uasset" to "../../../../../../Users/bossley.9/Downloads/DemoSkeeBallProject/Content/StarterContent/Materials/M_Rock_Sandstone.uasset"
[2020.02.03-22.23.15:107][  0]LogPackFactory: Copied "../../../Samples/StarterContent/Content/StarterContent/Materials/M_Rock_Slate.uasset" to "../../../../../../Users/bossley.9/Downloads/DemoSkeeBallProject/Content/StarterContent/Materials/M_Rock_Slate.uasset"
[2020.02.03-22.23.15:119][  0]LogPackFactory: Copied "../../../Samples/StarterContent/Content/StarterContent/Materials/M_Tech_Checker_Dot.uasset" to "../../../../../../Users/bossley.9/Downloads/DemoSkeeBallProject/Content/StarterContent/Materials/M_Tech_Checker_Dot.uasset"
[2020.02.03-22.23.15:122][  0]LogPackFactory: Copied "../../../Samples/StarterContent/Content/StarterContent/Materials/M_Tech_Hex_Tile.uasset" to "../../../../../../Users/bossley.9/Downloads/DemoSkeeBallProject/Content/StarterContent/Materials/M_Tech_Hex_Tile.uasset"
[2020.02.03-22.23.15:152][  0]LogPackFactory: Copied "../../../Samples/StarterContent/Content/StarterContent/Materials/M_Tech_Hex_Tile_Pulse.uasset" to "../../../../../../Users/bossley.9/Downloads/DemoSkeeBallProject/Content/StarterContent/Materials/M_Tech_Hex_Tile_Pulse.uasset"
[2020.02.03-22.23.15:154][  0]LogPackFactory: Copied "../../../Samples/StarterContent/Content/StarterContent/Materials/M_Tech_Panel.uasset" to "../../../../../../Users/bossley.9/Downloads/DemoSkeeBallProject/Content/StarterContent/Materials/M_Tech_Panel.uasset"
[2020.02.03-22.23.15:160][  0]LogPackFactory: Copied "../../../Samples/StarterContent/Content/StarterContent/Materials/M_Water_Lake.uasset" to "../../../../../../Users/bossley.9/Downloads/DemoSkeeBallProject/Content/StarterContent/Materials/M_Water_Lake.uasset"
[2020.02.03-22.23.15:163][  0]LogPackFactory: Copied "../../../Samples/StarterContent/Content/StarterContent/Materials/M_Water_Ocean.uasset" to "../../../../../../Users/bossley.9/Downloads/DemoSkeeBallProject/Content/StarterContent/Materials/M_Water_Ocean.uasset"
[2020.02.03-22.23.15:165][  0]LogPackFactory: Copied "../../../Samples/StarterContent/Content/StarterContent/Materials/M_Wood_Floor_Walnut_Polished.uasset" to "../../../../../../Users/bossley.9/Downloads/DemoSkeeBallProject/Content/StarterContent/Materials/M_Wood_Floor_Walnut_Polished.uasset"
[2020.02.03-22.23.15:174][  0]LogPackFactory: Copied "../../../Samples/StarterContent/Content/StarterContent/Materials/M_Wood_Floor_Walnut_Worn.uasset" to "../../../../../../Users/bossley.9/Downloads/DemoSkeeBallProject/Content/StarterContent/Materials/M_Wood_Floor_Walnut_Worn.uasset"
[2020.02.03-22.23.15:177][  0]LogPackFactory: Copied "../../../Samples/StarterContent/Content/StarterContent/Materials/M_Wood_Oak.uasset" to "../../../../../../Users/bossley.9/Downloads/DemoSkeeBallProject/Content/StarterContent/Materials/M_Wood_Oak.uasset"
[2020.02.03-22.23.15:192][  0]LogPackFactory: Copied "../../../Samples/StarterContent/Content/StarterContent/Materials/M_Wood_Pine.uasset" to "../../../../../../Users/bossley.9/Downloads/DemoSkeeBallProject/Content/StarterContent/Materials/M_Wood_Pine.uasset"
[2020.02.03-22.23.15:197][  0]LogPackFactory: Copied "../../../Samples/StarterContent/Content/StarterContent/Materials/M_Wood_Walnut.uasset" to "../../../../../../Users/bossley.9/Downloads/DemoSkeeBallProject/Content/StarterContent/Materials/M_Wood_Walnut.uasset"
[2020.02.03-22.23.15:210][  0]LogPackFactory: Copied "../../../Samples/StarterContent/Content/StarterContent/Particles/P_Ambient_Dust.uasset" to "../../../../../../Users/bossley.9/Downloads/DemoSkeeBallProject/Content/StarterContent/Particles/P_Ambient_Dust.uasset"
[2020.02.03-22.23.15:221][  0]LogPackFactory: Copied "../../../Samples/StarterContent/Content/StarterContent/Particles/P_Explosion.uasset" to "../../../../../../Users/bossley.9/Downloads/DemoSkeeBallProject/Content/StarterContent/Particles/P_Explosion.uasset"
[2020.02.03-22.23.15:224][  0]LogPackFactory: Copied "../../../Samples/StarterContent/Content/StarterContent/Particles/P_Fire.uasset" to "../../../../../../Users/bossley.9/Downloads/DemoSkeeBallProject/Content/StarterContent/Particles/P_Fire.uasset"
[2020.02.03-22.23.15:232][  0]LogPackFactory: Copied "../../../Samples/StarterContent/Content/StarterContent/Particles/P_Smoke.uasset" to "../../../../../../Users/bossley.9/Downloads/DemoSkeeBallProject/Content/StarterContent/Particles/P_Smoke.uasset"
[2020.02.03-22.23.15:235][  0]LogPackFactory: Copied "../../../Samples/StarterContent/Content/StarterContent/Particles/P_Sparks.uasset" to "../../../../../../Users/bossley.9/Downloads/DemoSkeeBallProject/Content/StarterContent/Particles/P_Sparks.uasset"
[2020.02.03-22.23.15:243][  0]LogPackFactory: Copied "../../../Samples/StarterContent/Content/StarterContent/Particles/P_Steam_Lit.uasset" to "../../../../../../Users/bossley.9/Downloads/DemoSkeeBallProject/Content/StarterContent/Particles/P_Steam_Lit.uasset"
[2020.02.03-22.23.15:255][  0]LogPackFactory: Copied "../../../Samples/StarterContent/Content/StarterContent/Particles/Materials/M_Burst.uasset" to "../../../../../../Users/bossley.9/Downloads/DemoSkeeBallProject/Content/StarterContent/Particles/Materials/M_Burst.uasset"
[2020.02.03-22.23.15:267][  0]LogPackFactory: Copied "../../../Samples/StarterContent/Content/StarterContent/Particles/Materials/M_Dust_Particle.uasset" to "../../../../../../Users/bossley.9/Downloads/DemoSkeeBallProject/Content/StarterContent/Particles/Materials/M_Dust_Particle.uasset"
[2020.02.03-22.23.15:277][  0]LogPackFactory: Copied "../../../Samples/StarterContent/Content/StarterContent/Particles/Materials/M_explosion_subUV.uasset" to "../../../../../../Users/bossley.9/Downloads/DemoSkeeBallProject/Content/StarterContent/Particles/Materials/M_explosion_subUV.uasset"
[2020.02.03-22.23.15:279][  0]LogPackFactory: Copied "../../../Samples/StarterContent/Content/StarterContent/Particles/Materials/M_Fire_SubUV.uasset" to "../../../../../../Users/bossley.9/Downloads/DemoSkeeBallProject/Content/StarterContent/Particles/Materials/M_Fire_SubUV.uasset"
[2020.02.03-22.23.15:287][  0]LogPackFactory: Copied "../../../Samples/StarterContent/Content/StarterContent/Particles/Materials/m_flare_01.uasset" to "../../../../../../Users/bossley.9/Downloads/DemoSkeeBallProject/Content/StarterContent/Particles/Materials/m_flare_01.uasset"
[2020.02.03-22.23.15:289][  0]LogPackFactory: Copied "../../../Samples/StarterContent/Content/StarterContent/Particles/Materials/M_Heat_Distortion.uasset" to "../../../../../../Users/bossley.9/Downloads/DemoSkeeBallProject/Content/StarterContent/Particles/Materials/M_Heat_Distortion.uasset"
[2020.02.03-22.23.15:303][  0]LogPackFactory: Copied "../../../Samples/StarterContent/Content/StarterContent/Particles/Materials/M_Radial_Gradient.uasset" to "../../../../../../Users/bossley.9/Downloads/DemoSkeeBallProject/Content/StarterContent/Particles/Materials/M_Radial_Gradient.uasset"
[2020.02.03-22.23.15:317][  0]LogPackFactory: Copied "../../../Samples/StarterContent/Content/StarterContent/Particles/Materials/M_radial_ramp.uasset" to "../../../../../../Users/bossley.9/Downloads/DemoSkeeBallProject/Content/StarterContent/Particles/Materials/M_radial_ramp.uasset"
[2020.02.03-22.23.15:325][  0]LogPackFactory: Copied "../../../Samples/StarterContent/Content/StarterContent/Particles/Materials/M_smoke_subUV.uasset" to "../../../../../../Users/bossley.9/Downloads/DemoSkeeBallProject/Content/StarterContent/Particles/Materials/M_smoke_subUV.uasset"
[2020.02.03-22.23.15:328][  0]LogPackFactory: Copied "../../../Samples/StarterContent/Content/StarterContent/Particles/Materials/M_Spark.uasset" to "../../../../../../Users/bossley.9/Downloads/DemoSkeeBallProject/Content/StarterContent/Particles/Materials/M_Spark.uasset"
[2020.02.03-22.23.15:340][  0]LogPackFactory: Copied "../../../Samples/StarterContent/Content/StarterContent/Props/MaterialSphere.uasset" to "../../../../../../Users/bossley.9/Downloads/DemoSkeeBallProject/Content/StarterContent/Props/MaterialSphere.uasset"
[2020.02.03-22.23.15:348][  0]LogPackFactory: Copied "../../../Samples/StarterContent/Content/StarterContent/Props/SM_Bush.uasset" to "../../../../../../Users/bossley.9/Downloads/DemoSkeeBallProject/Content/StarterContent/Props/SM_Bush.uasset"
[2020.02.03-22.23.15:356][  0]LogPackFactory: Copied "../../../Samples/StarterContent/Content/StarterContent/Props/SM_Chair.uasset" to "../../../../../../Users/bossley.9/Downloads/DemoSkeeBallProject/Content/StarterContent/Props/SM_Chair.uasset"
[2020.02.03-22.23.15:359][  0]LogPackFactory: Copied "../../../Samples/StarterContent/Content/StarterContent/Props/SM_CornerFrame.uasset" to "../../../../../../Users/bossley.9/Downloads/DemoSkeeBallProject/Content/StarterContent/Props/SM_CornerFrame.uasset"
[2020.02.03-22.23.15:367][  0]LogPackFactory: Copied "../../../Samples/StarterContent/Content/StarterContent/Props/SM_Couch.uasset" to "../../../../../../Users/bossley.9/Downloads/DemoSkeeBallProject/Content/StarterContent/Props/SM_Couch.uasset"
[2020.02.03-22.23.15:376][  0]LogPackFactory: Copied "../../../Samples/StarterContent/Content/StarterContent/Props/SM_Door.uasset" to "../../../../../../Users/bossley.9/Downloads/DemoSkeeBallProject/Content/StarterContent/Props/SM_Door.uasset"
[2020.02.03-22.23.15:378][  0]LogPackFactory: Copied "../../../Samples/StarterContent/Content/StarterContent/Props/SM_DoorFrame.uasset" to "../../../../../../Users/bossley.9/Downloads/DemoSkeeBallProject/Content/StarterContent/Props/SM_DoorFrame.uasset"
[2020.02.03-22.23.15:380][  0]LogPackFactory: Copied "../../../Samples/StarterContent/Content/StarterContent/Props/SM_GlassWindow.uasset" to "../../../../../../Users/bossley.9/Downloads/DemoSkeeBallProject/Content/StarterContent/Props/SM_GlassWindow.uasset"
[2020.02.03-22.23.15:390][  0]LogPackFactory: Copied "../../../Samples/StarterContent/Content/StarterContent/Props/SM_Lamp_Ceiling.uasset" to "../../../../../../Users/bossley.9/Downloads/DemoSkeeBallProject/Content/StarterContent/Props/SM_Lamp_Ceiling.uasset"
[2020.02.03-22.23.15:402][  0]LogPackFactory: Copied "../../../Samples/StarterContent/Content/StarterContent/Props/SM_Lamp_Wall.uasset" to "../../../../../../Users/bossley.9/Downloads/DemoSkeeBallProject/Content/StarterContent/Props/SM_Lamp_Wall.uasset"
[2020.02.03-22.23.15:422][  0]LogPackFactory: Copied "../../../Samples/StarterContent/Content/StarterContent/Props/SM_MatPreviewMesh_02.uasset" to "../../../../../../Users/bossley.9/Downloads/DemoSkeeBallProject/Content/StarterContent/Props/SM_MatPreviewMesh_02.uasset"
[2020.02.03-22.23.15:434][  0]LogPackFactory: Copied "../../../Samples/StarterContent/Content/StarterContent/Props/SM_PillarFrame.uasset" to "../../../../../../Users/bossley.9/Downloads/DemoSkeeBallProject/Content/StarterContent/Props/SM_PillarFrame.uasset"
[2020.02.03-22.23.15:437][  0]LogPackFactory: Copied "../../../Samples/StarterContent/Content/StarterContent/Props/SM_PillarFrame300.uasset" to "../../../../../../Users/bossley.9/Downloads/DemoSkeeBallProject/Content/StarterContent/Props/SM_PillarFrame300.uasset"
[2020.02.03-22.23.15:449][  0]LogPackFactory: Copied "../../../Samples/StarterContent/Content/StarterContent/Props/SM_Rock.uasset" to "../../../../../../Users/bossley.9/Downloads/DemoSkeeBallProject/Content/StarterContent/Props/SM_Rock.uasset"
[2020.02.03-22.23.15:452][  0]LogPackFactory: Copied "../../../Samples/StarterContent/Content/StarterContent/Props/SM_Shelf.uasset" to "../../../../../../Users/bossley.9/Downloads/DemoSkeeBallProject/Content/StarterContent/Props/SM_Shelf.uasset"
[2020.02.03-22.23.15:456][  0]LogPackFactory: Copied "../../../Samples/StarterContent/Content/StarterContent/Props/SM_Stairs.uasset" to "../../../../../../Users/bossley.9/Downloads/DemoSkeeBallProject/Content/StarterContent/Props/SM_Stairs.uasset"
[2020.02.03-22.23.15:465][  0]LogPackFactory: Copied "../../../Samples/StarterContent/Content/StarterContent/Props/SM_Statue.uasset" to "../../../../../../Users/bossley.9/Downloads/DemoSkeeBallProject/Content/StarterContent/Props/SM_Statue.uasset"
[2020.02.03-22.23.15:469][  0]LogPackFactory: Copied "../../../Samples/StarterContent/Content/StarterContent/Props/SM_TableRound.uasset" to "../../../../../../Users/bossley.9/Downloads/DemoSkeeBallProject/Content/StarterContent/Props/SM_TableRound.uasset"
[2020.02.03-22.23.15:478][  0]LogPackFactory: Copied "../../../Samples/StarterContent/Content/StarterContent/Props/SM_WindowFrame.uasset" to "../../../../../../Users/bossley.9/Downloads/DemoSkeeBallProject/Content/StarterContent/Props/SM_WindowFrame.uasset"
[2020.02.03-22.23.15:486][  0]LogPackFactory: Copied "../../../Samples/StarterContent/Content/StarterContent/Props/Materials/M_Bush.uasset" to "../../../../../../Users/bossley.9/Downloads/DemoSkeeBallProject/Content/StarterContent/Props/Materials/M_Bush.uasset"
[2020.02.03-22.23.15:494][  0]LogPackFactory: Copied "../../../Samples/StarterContent/Content/StarterContent/Props/Materials/M_Chair.uasset" to "../../../../../../Users/bossley.9/Downloads/DemoSkeeBallProject/Content/StarterContent/Props/Materials/M_Chair.uasset"
[2020.02.03-22.23.15:497][  0]LogPackFactory: Copied "../../../Samples/StarterContent/Content/StarterContent/Props/Materials/M_Door.uasset" to "../../../../../../Users/bossley.9/Downloads/DemoSkeeBallProject/Content/StarterContent/Props/Materials/M_Door.uasset"
[2020.02.03-22.23.15:507][  0]LogPackFactory: Copied "../../../Samples/StarterContent/Content/StarterContent/Props/Materials/M_Frame.uasset" to "../../../../../../Users/bossley.9/Downloads/DemoSkeeBallProject/Content/StarterContent/Props/Materials/M_Frame.uasset"
[2020.02.03-22.23.15:523][  0]LogPackFactory: Copied "../../../Samples/StarterContent/Content/StarterContent/Props/Materials/M_Lamp.uasset" to "../../../../../../Users/bossley.9/Downloads/DemoSkeeBallProject/Content/StarterContent/Props/Materials/M_Lamp.uasset"
[2020.02.03-22.23.15:535][  0]LogPackFactory: Copied "../../../Samples/StarterContent/Content/StarterContent/Props/Materials/M_MaterialSphere.uasset" to "../../../../../../Users/bossley.9/Downloads/DemoSkeeBallProject/Content/StarterContent/Props/Materials/M_MaterialSphere.uasset"
[2020.02.03-22.23.15:537][  0]LogPackFactory: Copied "../../../Samples/StarterContent/Content/StarterContent/Props/Materials/M_MaterialSphere_Plain.uasset" to "../../../../../../Users/bossley.9/Downloads/DemoSkeeBallProject/Content/StarterContent/Props/Materials/M_MaterialSphere_Plain.uasset"
[2020.02.03-22.23.15:547][  0]LogPackFactory: Copied "../../../Samples/StarterContent/Content/StarterContent/Props/Materials/M_Rock.uasset" to "../../../../../../Users/bossley.9/Downloads/DemoSkeeBallProject/Content/StarterContent/Props/Materials/M_Rock.uasset"
[2020.02.03-22.23.15:553][  0]LogPackFactory: Copied "../../../Samples/StarterContent/Content/StarterContent/Props/Materials/M_Shelf.uasset" to "../../../../../../Users/bossley.9/Downloads/DemoSkeeBallProject/Content/StarterContent/Props/Materials/M_Shelf.uasset"
[2020.02.03-22.23.15:555][  0]LogPackFactory: Copied "../../../Samples/StarterContent/Content/StarterContent/Props/Materials/M_Statue.uasset" to "../../../../../../Users/bossley.9/Downloads/DemoSkeeBallProject/Content/StarterContent/Props/Materials/M_Statue.uasset"
[2020.02.03-22.23.15:558][  0]LogPackFactory: Copied "../../../Samples/StarterContent/Content/StarterContent/Props/Materials/M_StatueGlass.uasset" to "../../../../../../Users/bossley.9/Downloads/DemoSkeeBallProject/Content/StarterContent/Props/Materials/M_StatueGlass.uasset"
[2020.02.03-22.23.15:560][  0]LogPackFactory: Copied "../../../Samples/StarterContent/Content/StarterContent/Props/Materials/M_TableRound.uasset" to "../../../../../../Users/bossley.9/Downloads/DemoSkeeBallProject/Content/StarterContent/Props/Materials/M_TableRound.uasset"
[2020.02.03-22.23.15:563][  0]LogPackFactory: Copied "../../../Samples/StarterContent/Content/StarterContent/Shapes/Shape_Cone.uasset" to "../../../../../../Users/bossley.9/Downloads/DemoSkeeBallProject/Content/StarterContent/Shapes/Shape_Cone.uasset"
[2020.02.03-22.23.15:578][  0]LogPackFactory: Copied "../../../Samples/StarterContent/Content/StarterContent/Shapes/Shape_Cube.uasset" to "../../../../../../Users/bossley.9/Downloads/DemoSkeeBallProject/Content/StarterContent/Shapes/Shape_Cube.uasset"
[2020.02.03-22.23.15:589][  0]LogPackFactory: Copied "../../../Samples/StarterContent/Content/StarterContent/Shapes/Shape_Cylinder.uasset" to "../../../../../../Users/bossley.9/Downloads/DemoSkeeBallProject/Content/StarterContent/Shapes/Shape_Cylinder.uasset"
[2020.02.03-22.23.15:599][  0]LogPackFactory: Copied "../../../Samples/StarterContent/Content/StarterContent/Shapes/Shape_NarrowCapsule.uasset" to "../../../../../../Users/bossley.9/Downloads/DemoSkeeBallProject/Content/StarterContent/Shapes/Shape_NarrowCapsule.uasset"
[2020.02.03-22.23.15:614][  0]LogPackFactory: Copied "../../../Samples/StarterContent/Content/StarterContent/Shapes/Shape_Pipe.uasset" to "../../../../../../Users/bossley.9/Downloads/DemoSkeeBallProject/Content/StarterContent/Shapes/Shape_Pipe.uasset"
[2020.02.03-22.23.15:616][  0]LogPackFactory: Copied "../../../Samples/StarterContent/Content/StarterContent/Shapes/Shape_Pipe_180.uasset" to "../../../../../../Users/bossley.9/Downloads/DemoSkeeBallProject/Content/StarterContent/Shapes/Shape_Pipe_180.uasset"
[2020.02.03-22.23.15:619][  0]LogPackFactory: Copied "../../../Samples/StarterContent/Content/StarterContent/Shapes/Shape_Pipe_90.uasset" to "../../../../../../Users/bossley.9/Downloads/DemoSkeeBallProject/Content/StarterContent/Shapes/Shape_Pipe_90.uasset"
[2020.02.03-22.23.15:720][  0]LogPackFactory: Copied "../../../Samples/StarterContent/Content/StarterContent/Shapes/Shape_Plane.uasset" to "../../../../../../Users/bossley.9/Downloads/DemoSkeeBallProject/Content/StarterContent/Shapes/Shape_Plane.uasset"
[2020.02.03-22.23.15:730][  0]LogPackFactory: Copied "../../../Samples/StarterContent/Content/StarterContent/Shapes/Shape_QuadPyramid.uasset" to "../../../../../../Users/bossley.9/Downloads/DemoSkeeBallProject/Content/StarterContent/Shapes/Shape_QuadPyramid.uasset"
[2020.02.03-22.23.15:759][  0]LogPackFactory: Copied "../../../Samples/StarterContent/Content/StarterContent/Shapes/Shape_Sphere.uasset" to "../../../../../../Users/bossley.9/Downloads/DemoSkeeBallProject/Content/StarterContent/Shapes/Shape_Sphere.uasset"
[2020.02.03-22.23.15:795][  0]LogPackFactory: Copied "../../../Samples/StarterContent/Content/StarterContent/Shapes/Shape_Torus.uasset" to "../../../../../../Users/bossley.9/Downloads/DemoSkeeBallProject/Content/StarterContent/Shapes/Shape_Torus.uasset"
[2020.02.03-22.23.15:823][  0]LogPackFactory: Copied "../../../Samples/StarterContent/Content/StarterContent/Shapes/Shape_Trim.uasset" to "../../../../../../Users/bossley.9/Downloads/DemoSkeeBallProject/Content/StarterContent/Shapes/Shape_Trim.uasset"
[2020.02.03-22.23.15:835][  0]LogPackFactory: Copied "../../../Samples/StarterContent/Content/StarterContent/Shapes/Shape_Trim_90_In.uasset" to "../../../../../../Users/bossley.9/Downloads/DemoSkeeBallProject/Content/StarterContent/Shapes/Shape_Trim_90_In.uasset"
[2020.02.03-22.23.15:867][  0]LogPackFactory: Copied "../../../Samples/StarterContent/Content/StarterContent/Shapes/Shape_Trim_90_Out.uasset" to "../../../../../../Users/bossley.9/Downloads/DemoSkeeBallProject/Content/StarterContent/Shapes/Shape_Trim_90_Out.uasset"
[2020.02.03-22.23.15:896][  0]LogPackFactory: Copied "../../../Samples/StarterContent/Content/StarterContent/Shapes/Shape_TriPyramid.uasset" to "../../../../../../Users/bossley.9/Downloads/DemoSkeeBallProject/Content/StarterContent/Shapes/Shape_TriPyramid.uasset"
[2020.02.03-22.23.15:980][  0]LogPackFactory: Copied "../../../Samples/StarterContent/Content/StarterContent/Shapes/Shape_Tube.uasset" to "../../../../../../Users/bossley.9/Downloads/DemoSkeeBallProject/Content/StarterContent/Shapes/Shape_Tube.uasset"
[2020.02.03-22.23.15:991][  0]LogPackFactory: Copied "../../../Samples/StarterContent/Content/StarterContent/Shapes/Shape_Wedge_A.uasset" to "../../../../../../Users/bossley.9/Downloads/DemoSkeeBallProject/Content/StarterContent/Shapes/Shape_Wedge_A.uasset"
[2020.02.03-22.23.15:999][  0]LogPackFactory: Copied "../../../Samples/StarterContent/Content/StarterContent/Shapes/Shape_Wedge_B.uasset" to "../../../../../../Users/bossley.9/Downloads/DemoSkeeBallProject/Content/StarterContent/Shapes/Shape_Wedge_B.uasset"
[2020.02.03-22.23.16:014][  0]LogPackFactory: Copied "../../../Samples/StarterContent/Content/StarterContent/Shapes/Shape_WideCapsule.uasset" to "../../../../../../Users/bossley.9/Downloads/DemoSkeeBallProject/Content/StarterContent/Shapes/Shape_WideCapsule.uasset"
[2020.02.03-22.23.16:103][  0]LogPackFactory: Copied "../../../Samples/StarterContent/Content/StarterContent/Textures/T_Brick_Clay_Beveled_D.uasset" to "../../../../../../Users/bossley.9/Downloads/DemoSkeeBallProject/Content/StarterContent/Textures/T_Brick_Clay_Beveled_D.uasset"
[2020.02.03-22.23.16:960][  0]LogPackFactory: Copied "../../../Samples/StarterContent/Content/StarterContent/Textures/T_Brick_Clay_Beveled_M.uasset" to "../../../../../../Users/bossley.9/Downloads/DemoSkeeBallProject/Content/StarterContent/Textures/T_Brick_Clay_Beveled_M.uasset"
[2020.02.03-22.23.17:023][  0]LogPackFactory: Copied "../../../Samples/StarterContent/Content/StarterContent/Textures/T_Brick_Clay_Beveled_N.uasset" to "../../../../../../Users/bossley.9/Downloads/DemoSkeeBallProject/Content/StarterContent/Textures/T_Brick_Clay_Beveled_N.uasset"
[2020.02.03-22.23.17:080][  0]LogPackFactory: Copied "../../../Samples/StarterContent/Content/StarterContent/Textures/T_Brick_Clay_New_D.uasset" to "../../../../../../Users/bossley.9/Downloads/DemoSkeeBallProject/Content/StarterContent/Textures/T_Brick_Clay_New_D.uasset"
[2020.02.03-22.23.17:295][  0]LogPackFactory: Copied "../../../Samples/StarterContent/Content/StarterContent/Textures/T_Brick_Clay_New_M.uasset" to "../../../../../../Users/bossley.9/Downloads/DemoSkeeBallProject/Content/StarterContent/Textures/T_Brick_Clay_New_M.uasset"
[2020.02.03-22.23.17:368][  0]LogPackFactory: Copied "../../../Samples/StarterContent/Content/StarterContent/Textures/T_Brick_Clay_New_N.uasset" to "../../../../../../Users/bossley.9/Downloads/DemoSkeeBallProject/Content/StarterContent/Textures/T_Brick_Clay_New_N.uasset"
[2020.02.03-22.23.17:744][  0]LogPackFactory: Copied "../../../Samples/StarterContent/Content/StarterContent/Textures/T_Brick_Clay_Old_D.uasset" to "../../../../../../Users/bossley.9/Downloads/DemoSkeeBallProject/Content/StarterContent/Textures/T_Brick_Clay_Old_D.uasset"
[2020.02.03-22.23.17:883][  0]LogPackFactory: Copied "../../../Samples/StarterContent/Content/StarterContent/Textures/T_Brick_Clay_Old_N.uasset" to "../../../../../../Users/bossley.9/Downloads/DemoSkeeBallProject/Content/StarterContent/Textures/T_Brick_Clay_Old_N.uasset"
[2020.02.03-22.23.17:994][  0]LogPackFactory: Copied "../../../Samples/StarterContent/Content/StarterContent/Textures/T_Brick_Cut_Stone_D.uasset" to "../../../../../../Users/bossley.9/Downloads/DemoSkeeBallProject/Content/StarterContent/Textures/T_Brick_Cut_Stone_D.uasset"
[2020.02.03-22.23.18:046][  0]LogPackFactory: Copied "../../../Samples/StarterContent/Content/StarterContent/Textures/T_Brick_Cut_Stone_N.uasset" to "../../../../../../Users/bossley.9/Downloads/DemoSkeeBallProject/Content/StarterContent/Textures/T_Brick_Cut_Stone_N.uasset"
[2020.02.03-22.23.18:105][  0]LogPackFactory: Copied "../../../Samples/StarterContent/Content/StarterContent/Textures/T_Brick_Hewn_Stone_D.uasset" to "../../../../../../Users/bossley.9/Downloads/DemoSkeeBallProject/Content/StarterContent/Textures/T_Brick_Hewn_Stone_D.uasset"
[2020.02.03-22.23.18:158][  0]LogPackFactory: Copied "../../../Samples/StarterContent/Content/StarterContent/Textures/T_Brick_Hewn_Stone_M.uasset" to "../../../../../../Users/bossley.9/Downloads/DemoSkeeBallProject/Content/StarterContent/Textures/T_Brick_Hewn_Stone_M.uasset"
[2020.02.03-22.23.18:237][  0]LogPackFactory: Copied "../../../Samples/StarterContent/Content/StarterContent/Textures/T_Brick_Hewn_Stone_N.uasset" to "../../../../../../Users/bossley.9/Downloads/DemoSkeeBallProject/Content/StarterContent/Textures/T_Brick_Hewn_Stone_N.uasset"
[2020.02.03-22.23.18:248][  0]LogPackFactory: Copied "../../../Samples/StarterContent/Content/StarterContent/Textures/T_Burst_M.uasset" to "../../../../../../Users/bossley.9/Downloads/DemoSkeeBallProject/Content/StarterContent/Textures/T_Burst_M.uasset"
[2020.02.03-22.23.18:259][  0]LogPackFactory: Copied "../../../Samples/StarterContent/Content/StarterContent/Textures/T_Bush_D.uasset" to "../../../../../../Users/bossley.9/Downloads/DemoSkeeBallProject/Content/StarterContent/Textures/T_Bush_D.uasset"
[2020.02.03-22.23.18:268][  0]LogPackFactory: Copied "../../../Samples/StarterContent/Content/StarterContent/Textures/T_Bush_N.uasset" to "../../../../../../Users/bossley.9/Downloads/DemoSkeeBallProject/Content/StarterContent/Textures/T_Bush_N.uasset"
[2020.02.03-22.23.18:278][  0]LogPackFactory: Copied "../../../Samples/StarterContent/Content/StarterContent/Textures/T_Ceramic_Tile_M.uasset" to "../../../../../../Users/bossley.9/Downloads/DemoSkeeBallProject/Content/StarterContent/Textures/T_Ceramic_Tile_M.uasset"
[2020.02.03-22.23.18:293][  0]LogPackFactory: Copied "../../../Samples/StarterContent/Content/StarterContent/Textures/T_Ceramic_Tile_N.uasset" to "../../../../../../Users/bossley.9/Downloads/DemoSkeeBallProject/Content/StarterContent/Textures/T_Ceramic_Tile_N.uasset"
[2020.02.03-22.23.18:858][  0]LogPackFactory: Copied "../../../Samples/StarterContent/Content/StarterContent/Textures/T_Chair_M.uasset" to "../../../../../../Users/bossley.9/Downloads/DemoSkeeBallProject/Content/StarterContent/Textures/T_Chair_M.uasset"
[2020.02.03-22.23.18:882][  0]LogPackFactory: Copied "../../../Samples/StarterContent/Content/StarterContent/Textures/T_Chair_N.uasset" to "../../../../../../Users/bossley.9/Downloads/DemoSkeeBallProject/Content/StarterContent/Textures/T_Chair_N.uasset"
[2020.02.03-22.23.18:887][  0]LogPackFactory: Copied "../../../Samples/StarterContent/Content/StarterContent/Textures/T_Checker_Noise_M.uasset" to "../../../../../../Users/bossley.9/Downloads/DemoSkeeBallProject/Content/StarterContent/Textures/T_Checker_Noise_M.uasset"
[2020.02.03-22.23.18:971][  0]LogPackFactory: Copied "../../../Samples/StarterContent/Content/StarterContent/Textures/T_CobbleStone_Pebble_D.uasset" to "../../../../../../Users/bossley.9/Downloads/DemoSkeeBallProject/Content/StarterContent/Textures/T_CobbleStone_Pebble_D.uasset"
[2020.02.03-22.23.18:987][  0]LogPackFactory: Copied "../../../Samples/StarterContent/Content/StarterContent/Textures/T_CobbleStone_Pebble_M.uasset" to "../../../../../../Users/bossley.9/Downloads/DemoSkeeBallProject/Content/StarterContent/Textures/T_CobbleStone_Pebble_M.uasset"
[2020.02.03-22.23.19:100][  0]LogPackFactory: Copied "../../../Samples/StarterContent/Content/StarterContent/Textures/T_CobbleStone_Pebble_N.uasset" to "../../../../../../Users/bossley.9/Downloads/DemoSkeeBallProject/Content/StarterContent/Textures/T_CobbleStone_Pebble_N.uasset"
[2020.02.03-22.23.19:198][  0]LogPackFactory: Copied "../../../Samples/StarterContent/Content/StarterContent/Textures/T_CobbleStone_Rough_D.uasset" to "../../../../../../Users/bossley.9/Downloads/DemoSkeeBallProject/Content/StarterContent/Textures/T_CobbleStone_Rough_D.uasset"
[2020.02.03-22.23.19:203][  0]LogPackFactory: Copied "../../../Samples/StarterContent/Content/StarterContent/Textures/T_CobbleStone_Rough_N.uasset" to "../../../../../../Users/bossley.9/Downloads/DemoSkeeBallProject/Content/StarterContent/Textures/T_CobbleStone_Rough_N.uasset"
[2020.02.03-22.23.19:213][  0]LogPackFactory: Copied "../../../Samples/StarterContent/Content/StarterContent/Textures/T_CobbleStone_Smooth_D.uasset" to "../../../../../../Users/bossley.9/Downloads/DemoSkeeBallProject/Content/StarterContent/Textures/T_CobbleStone_Smooth_D.uasset"
[2020.02.03-22.23.19:236][  0]LogPackFactory: Copied "../../../Samples/StarterContent/Content/StarterContent/Textures/T_CobbleStone_Smooth_M.uasset" to "../../../../../../Users/bossley.9/Downloads/DemoSkeeBallProject/Content/StarterContent/Textures/T_CobbleStone_Smooth_M.uasset"
[2020.02.03-22.23.19:249][  0]LogPackFactory: Copied "../../../Samples/StarterContent/Content/StarterContent/Textures/T_CobbleStone_Smooth_N.uasset" to "../../../../../../Users/bossley.9/Downloads/DemoSkeeBallProject/Content/StarterContent/Textures/T_CobbleStone_Smooth_N.uasset"
[2020.02.03-22.23.19:280][  0]LogPackFactory: Copied "../../../Samples/StarterContent/Content/StarterContent/Textures/T_Concrete_Grime_D.uasset" to "../../../../../../Users/bossley.9/Downloads/DemoSkeeBallProject/Content/StarterContent/Textures/T_Concrete_Grime_D.uasset"
[2020.02.03-22.23.19:293][  0]LogPackFactory: Copied "../../../Samples/StarterContent/Content/StarterContent/Textures/T_Concrete_Panels_D.uasset" to "../../../../../../Users/bossley.9/Downloads/DemoSkeeBallProject/Content/StarterContent/Textures/T_Concrete_Panels_D.uasset"
[2020.02.03-22.23.19:303][  0]LogPackFactory: Copied "../../../Samples/StarterContent/Content/StarterContent/Textures/T_Concrete_Panels_N.uasset" to "../../../../../../Users/bossley.9/Downloads/DemoSkeeBallProject/Content/StarterContent/Textures/T_Concrete_Panels_N.uasset"
[2020.02.03-22.23.19:319][  0]LogPackFactory: Copied "../../../Samples/StarterContent/Content/StarterContent/Textures/T_Concrete_Poured_D.uasset" to "../../../../../../Users/bossley.9/Downloads/DemoSkeeBallProject/Content/StarterContent/Textures/T_Concrete_Poured_D.uasset"
[2020.02.03-22.23.19:376][  0]LogPackFactory: Copied "../../../Samples/StarterContent/Content/StarterContent/Textures/T_Concrete_Poured_N.uasset" to "../../../../../../Users/bossley.9/Downloads/DemoSkeeBallProject/Content/StarterContent/Textures/T_Concrete_Poured_N.uasset"
[2020.02.03-22.23.19:668][  0]LogPackFactory: Copied "../../../Samples/StarterContent/Content/StarterContent/Textures/T_Concrete_Tiles_D.uasset" to "../../../../../../Users/bossley.9/Downloads/DemoSkeeBallProject/Content/StarterContent/Textures/T_Concrete_Tiles_D.uasset"
[2020.02.03-22.23.19:797][  0]LogPackFactory: Copied "../../../Samples/StarterContent/Content/StarterContent/Textures/T_Concrete_Tiles_M.uasset" to "../../../../../../Users/bossley.9/Downloads/DemoSkeeBallProject/Content/StarterContent/Textures/T_Concrete_Tiles_M.uasset"
[2020.02.03-22.23.20:299][  0]LogPackFactory: Copied "../../../Samples/StarterContent/Content/StarterContent/Textures/T_Concrete_Tiles_N.uasset" to "../../../../../../Users/bossley.9/Downloads/DemoSkeeBallProject/Content/StarterContent/Textures/T_Concrete_Tiles_N.uasset"
[2020.02.03-22.23.20:307][  0]LogPackFactory: Copied "../../../Samples/StarterContent/Content/StarterContent/Textures/T_Concrete_Tiles_Variation_M.uasset" to "../../../../../../Users/bossley.9/Downloads/DemoSkeeBallProject/Content/StarterContent/Textures/T_Concrete_Tiles_Variation_M.uasset"
[2020.02.03-22.23.20:377][  0]LogPackFactory: Copied "../../../Samples/StarterContent/Content/StarterContent/Textures/T_Detail_Rocky_N.uasset" to "../../../../../../Users/bossley.9/Downloads/DemoSkeeBallProject/Content/StarterContent/Textures/T_Detail_Rocky_N.uasset"
[2020.02.03-22.23.20:390][  0]LogPackFactory: Copied "../../../Samples/StarterContent/Content/StarterContent/Textures/T_Door_M.uasset" to "../../../../../../Users/bossley.9/Downloads/DemoSkeeBallProject/Content/StarterContent/Textures/T_Door_M.uasset"
[2020.02.03-22.23.20:406][  0]LogPackFactory: Copied "../../../Samples/StarterContent/Content/StarterContent/Textures/T_Door_N.uasset" to "../../../../../../Users/bossley.9/Downloads/DemoSkeeBallProject/Content/StarterContent/Textures/T_Door_N.uasset"
[2020.02.03-22.23.20:418][  0]LogPackFactory: Copied "../../../Samples/StarterContent/Content/StarterContent/Textures/T_Dust_Particle_D.uasset" to "../../../../../../Users/bossley.9/Downloads/DemoSkeeBallProject/Content/StarterContent/Textures/T_Dust_Particle_D.uasset"
[2020.02.03-22.23.20:481][  0]LogPackFactory: Copied "../../../Samples/StarterContent/Content/StarterContent/Textures/T_Explosion_SubUV.uasset" to "../../../../../../Users/bossley.9/Downloads/DemoSkeeBallProject/Content/StarterContent/Textures/T_Explosion_SubUV.uasset"
[2020.02.03-22.23.20:494][  0]LogPackFactory: Copied "../../../Samples/StarterContent/Content/StarterContent/Textures/T_Fire_SubUV.uasset" to "../../../../../../Users/bossley.9/Downloads/DemoSkeeBallProject/Content/StarterContent/Textures/T_Fire_SubUV.uasset"
[2020.02.03-22.23.20:584][  0]LogPackFactory: Copied "../../../Samples/StarterContent/Content/StarterContent/Textures/T_Fire_Tiled_D.uasset" to "../../../../../../Users/bossley.9/Downloads/DemoSkeeBallProject/Content/StarterContent/Textures/T_Fire_Tiled_D.uasset"
[2020.02.03-22.23.20:613][  0]LogPackFactory: Copied "../../../Samples/StarterContent/Content/StarterContent/Textures/T_Frame_M.uasset" to "../../../../../../Users/bossley.9/Downloads/DemoSkeeBallProject/Content/StarterContent/Textures/T_Frame_M.uasset"
[2020.02.03-22.23.20:634][  0]LogPackFactory: Copied "../../../Samples/StarterContent/Content/StarterContent/Textures/T_Frame_N.uasset" to "../../../../../../Users/bossley.9/Downloads/DemoSkeeBallProject/Content/StarterContent/Textures/T_Frame_N.uasset"
[2020.02.03-22.23.20:636][  0]LogPackFactory: Copied "../../../Samples/StarterContent/Content/StarterContent/Textures/T_Gradinet_01.uasset" to "../../../../../../Users/bossley.9/Downloads/DemoSkeeBallProject/Content/StarterContent/Textures/T_Gradinet_01.uasset"
[2020.02.03-22.23.20:822][  0]LogPackFactory: Copied "../../../Samples/StarterContent/Content/StarterContent/Textures/T_Ground_Grass_D.uasset" to "../../../../../../Users/bossley.9/Downloads/DemoSkeeBallProject/Content/StarterContent/Textures/T_Ground_Grass_D.uasset"
[2020.02.03-22.23.20:972][  0]LogPackFactory: Copied "../../../Samples/StarterContent/Content/StarterContent/Textures/T_Ground_Grass_N.uasset" to "../../../../../../Users/bossley.9/Downloads/DemoSkeeBallProject/Content/StarterContent/Textures/T_Ground_Grass_N.uasset"
[2020.02.03-22.23.21:176][  0]LogPackFactory: Copied "../../../Samples/StarterContent/Content/StarterContent/Textures/T_Ground_Gravel_D.uasset" to "../../../../../../Users/bossley.9/Downloads/DemoSkeeBallProject/Content/StarterContent/Textures/T_Ground_Gravel_D.uasset"
[2020.02.03-22.23.21:879][  0]LogPackFactory: Copied "../../../Samples/StarterContent/Content/StarterContent/Textures/T_Ground_Gravel_N.uasset" to "../../../../../../Users/bossley.9/Downloads/DemoSkeeBallProject/Content/StarterContent/Textures/T_Ground_Gravel_N.uasset"
[2020.02.03-22.23.22:034][  0]LogPackFactory: Copied "../../../Samples/StarterContent/Content/StarterContent/Textures/T_ground_Moss_D.uasset" to "../../../../../../Users/bossley.9/Downloads/DemoSkeeBallProject/Content/StarterContent/Textures/T_ground_Moss_D.uasset"
[2020.02.03-22.23.22:168][  0]LogPackFactory: Copied "../../../Samples/StarterContent/Content/StarterContent/Textures/T_Ground_Moss_N.uasset" to "../../../../../../Users/bossley.9/Downloads/DemoSkeeBallProject/Content/StarterContent/Textures/T_Ground_Moss_N.uasset"
[2020.02.03-22.23.22:197][  0]LogPackFactory: Copied "../../../Samples/StarterContent/Content/StarterContent/Textures/T_Lamp_M.uasset" to "../../../../../../Users/bossley.9/Downloads/DemoSkeeBallProject/Content/StarterContent/Textures/T_Lamp_M.uasset"
[2020.02.03-22.23.22:222][  0]LogPackFactory: Copied "../../../Samples/StarterContent/Content/StarterContent/Textures/T_Lamp_N.uasset" to "../../../../../../Users/bossley.9/Downloads/DemoSkeeBallProject/Content/StarterContent/Textures/T_Lamp_N.uasset"
[2020.02.03-22.23.22:298][  0]LogPackFactory: Copied "../../../Samples/StarterContent/Content/StarterContent/Textures/T_MacroVariation.uasset" to "../../../../../../Users/bossley.9/Downloads/DemoSkeeBallProject/Content/StarterContent/Textures/T_MacroVariation.uasset"
[2020.02.03-22.23.22:370][  0]LogPackFactory: Copied "../../../Samples/StarterContent/Content/StarterContent/Textures/T_Metal_Aluminum_D.uasset" to "../../../../../../Users/bossley.9/Downloads/DemoSkeeBallProject/Content/StarterContent/Textures/T_Metal_Aluminum_D.uasset"
[2020.02.03-22.23.23:747][  0]LogPackFactory: Copied "../../../Samples/StarterContent/Content/StarterContent/Textures/T_Metal_Copper_D.uasset" to "../../../../../../Users/bossley.9/Downloads/DemoSkeeBallProject/Content/StarterContent/Textures/T_Metal_Copper_D.uasset"
[2020.02.03-22.23.23:819][  0]LogPackFactory: Copied "../../../Samples/StarterContent/Content/StarterContent/Textures/T_Metal_Gold_D.uasset" to "../../../../../../Users/bossley.9/Downloads/DemoSkeeBallProject/Content/StarterContent/Textures/T_Metal_Gold_D.uasset"
[2020.02.03-22.23.23:854][  0]LogPackFactory: Copied "../../../Samples/StarterContent/Content/StarterContent/Textures/T_Metal_Gold_N.uasset" to "../../../../../../Users/bossley.9/Downloads/DemoSkeeBallProject/Content/StarterContent/Textures/T_Metal_Gold_N.uasset"
[2020.02.03-22.23.24:257][  0]LogPackFactory: Copied "../../../Samples/StarterContent/Content/StarterContent/Textures/T_Metal_Rust_D.uasset" to "../../../../../../Users/bossley.9/Downloads/DemoSkeeBallProject/Content/StarterContent/Textures/T_Metal_Rust_D.uasset"
[2020.02.03-22.23.24:431][  0]LogPackFactory: Copied "../../../Samples/StarterContent/Content/StarterContent/Textures/T_Metal_Rust_N.uasset" to "../../../../../../Users/bossley.9/Downloads/DemoSkeeBallProject/Content/StarterContent/Textures/T_Metal_Rust_N.uasset"
[2020.02.03-22.23.24:478][  0]LogPackFactory: Copied "../../../Samples/StarterContent/Content/StarterContent/Textures/T_Metal_Steel_D.uasset" to "../../../../../../Users/bossley.9/Downloads/DemoSkeeBallProject/Content/StarterContent/Textures/T_Metal_Steel_D.uasset"
[2020.02.03-22.23.24:529][  0]LogPackFactory: Copied "../../../Samples/StarterContent/Content/StarterContent/Textures/T_Metal_Steel_N.uasset" to "../../../../../../Users/bossley.9/Downloads/DemoSkeeBallProject/Content/StarterContent/Textures/T_Metal_Steel_N.uasset"
[2020.02.03-22.23.24:659][  0]LogPackFactory: Copied "../../../Samples/StarterContent/Content/StarterContent/Textures/T_Perlin_Noise_M.uasset" to "../../../../../../Users/bossley.9/Downloads/DemoSkeeBallProject/Content/StarterContent/Textures/T_Perlin_Noise_M.uasset"
[2020.02.03-22.23.24:689][  0]LogPackFactory: Copied "../../../Samples/StarterContent/Content/StarterContent/Textures/T_RockMesh_M.uasset" to "../../../../../../Users/bossley.9/Downloads/DemoSkeeBallProject/Content/StarterContent/Textures/T_RockMesh_M.uasset"
[2020.02.03-22.23.24:792][  0]LogPackFactory: Copied "../../../Samples/StarterContent/Content/StarterContent/Textures/T_RockMesh_N.uasset" to "../../../../../../Users/bossley.9/Downloads/DemoSkeeBallProject/Content/StarterContent/Textures/T_RockMesh_N.uasset"
[2020.02.03-22.23.24:880][  0]LogPackFactory: Copied "../../../Samples/StarterContent/Content/StarterContent/Textures/T_Rock_Basalt_D.uasset" to "../../../../../../Users/bossley.9/Downloads/DemoSkeeBallProject/Content/StarterContent/Textures/T_Rock_Basalt_D.uasset"
[2020.02.03-22.23.24:929][  0]LogPackFactory: Copied "../../../Samples/StarterContent/Content/StarterContent/Textures/T_Rock_Basalt_N.uasset" to "../../../../../../Users/bossley.9/Downloads/DemoSkeeBallProject/Content/StarterContent/Textures/T_Rock_Basalt_N.uasset"
[2020.02.03-22.23.24:997][  0]LogPackFactory: Copied "../../../Samples/StarterContent/Content/StarterContent/Textures/T_Rock_Marble_Polished_D.uasset" to "../../../../../../Users/bossley.9/Downloads/DemoSkeeBallProject/Content/StarterContent/Textures/T_Rock_Marble_Polished_D.uasset"
[2020.02.03-22.23.25:065][  0]LogPackFactory: Copied "../../../Samples/StarterContent/Content/StarterContent/Textures/T_Rock_Sandstone_D.uasset" to "../../../../../../Users/bossley.9/Downloads/DemoSkeeBallProject/Content/StarterContent/Textures/T_Rock_Sandstone_D.uasset"
[2020.02.03-22.23.25:922][  0]LogPackFactory: Copied "../../../Samples/StarterContent/Content/StarterContent/Textures/T_Rock_Sandstone_N.uasset" to "../../../../../../Users/bossley.9/Downloads/DemoSkeeBallProject/Content/StarterContent/Textures/T_Rock_Sandstone_N.uasset"
[2020.02.03-22.23.26:032][  0]LogPackFactory: Copied "../../../Samples/StarterContent/Content/StarterContent/Textures/T_Rock_Slate_D.uasset" to "../../../../../../Users/bossley.9/Downloads/DemoSkeeBallProject/Content/StarterContent/Textures/T_Rock_Slate_D.uasset"
[2020.02.03-22.23.26:130][  0]LogPackFactory: Copied "../../../Samples/StarterContent/Content/StarterContent/Textures/T_Rock_Slate_N.uasset" to "../../../../../../Users/bossley.9/Downloads/DemoSkeeBallProject/Content/StarterContent/Textures/T_Rock_Slate_N.uasset"
[2020.02.03-22.23.27:619][  0]LogPackFactory: Copied "../../../Samples/StarterContent/Content/StarterContent/Textures/T_Rock_Smooth_Granite_D.uasset" to "../../../../../../Users/bossley.9/Downloads/DemoSkeeBallProject/Content/StarterContent/Textures/T_Rock_Smooth_Granite_D.uasset"
[2020.02.03-22.23.27:683][  0]LogPackFactory: Copied "../../../Samples/StarterContent/Content/StarterContent/Textures/T_Shelf_M.uasset" to "../../../../../../Users/bossley.9/Downloads/DemoSkeeBallProject/Content/StarterContent/Textures/T_Shelf_M.uasset"
[2020.02.03-22.23.27:746][  0]LogPackFactory: Copied "../../../Samples/StarterContent/Content/StarterContent/Textures/T_Shelf_N.uasset" to "../../../../../../Users/bossley.9/Downloads/DemoSkeeBallProject/Content/StarterContent/Textures/T_Shelf_N.uasset"
[2020.02.03-22.23.27:759][  0]LogPackFactory: Copied "../../../Samples/StarterContent/Content/StarterContent/Textures/T_Single_Tile_N.uasset" to "../../../../../../Users/bossley.9/Downloads/DemoSkeeBallProject/Content/StarterContent/Textures/T_Single_Tile_N.uasset"
[2020.02.03-22.23.27:811][  0]LogPackFactory: Copied "../../../Samples/StarterContent/Content/StarterContent/Textures/T_Smoke_SubUV.uasset" to "../../../../../../Users/bossley.9/Downloads/DemoSkeeBallProject/Content/StarterContent/Textures/T_Smoke_SubUV.uasset"
[2020.02.03-22.23.27:821][  0]LogPackFactory: Copied "../../../Samples/StarterContent/Content/StarterContent/Textures/T_Smoke_Tiled_D.uasset" to "../../../../../../Users/bossley.9/Downloads/DemoSkeeBallProject/Content/StarterContent/Textures/T_Smoke_Tiled_D.uasset"
[2020.02.03-22.23.27:889][  0]LogPackFactory: Copied "../../../Samples/StarterContent/Content/StarterContent/Textures/T_Spark_Core.uasset" to "../../../../../../Users/bossley.9/Downloads/DemoSkeeBallProject/Content/StarterContent/Textures/T_Spark_Core.uasset"
[2020.02.03-22.23.27:903][  0]LogPackFactory: Copied "../../../Samples/StarterContent/Content/StarterContent/Textures/T_Statue_M.uasset" to "../../../../../../Users/bossley.9/Downloads/DemoSkeeBallProject/Content/StarterContent/Textures/T_Statue_M.uasset"
[2020.02.03-22.23.27:920][  0]LogPackFactory: Copied "../../../Samples/StarterContent/Content/StarterContent/Textures/T_Statue_N.uasset" to "../../../../../../Users/bossley.9/Downloads/DemoSkeeBallProject/Content/StarterContent/Textures/T_Statue_N.uasset"
[2020.02.03-22.23.27:936][  0]LogPackFactory: Copied "../../../Samples/StarterContent/Content/StarterContent/Textures/T_TableRound_M.uasset" to "../../../../../../Users/bossley.9/Downloads/DemoSkeeBallProject/Content/StarterContent/Textures/T_TableRound_M.uasset"
[2020.02.03-22.23.27:960][  0]LogPackFactory: Copied "../../../Samples/StarterContent/Content/StarterContent/Textures/T_TableRound_N.uasset" to "../../../../../../Users/bossley.9/Downloads/DemoSkeeBallProject/Content/StarterContent/Textures/T_TableRound_N.uasset"
[2020.02.03-22.23.27:962][  0]LogPackFactory: Copied "../../../Samples/StarterContent/Content/StarterContent/Textures/T_Tech_Dot_M.uasset" to "../../../../../../Users/bossley.9/Downloads/DemoSkeeBallProject/Content/StarterContent/Textures/T_Tech_Dot_M.uasset"
[2020.02.03-22.23.27:975][  0]LogPackFactory: Copied "../../../Samples/StarterContent/Content/StarterContent/Textures/T_Tech_Dot_N.uasset" to "../../../../../../Users/bossley.9/Downloads/DemoSkeeBallProject/Content/StarterContent/Textures/T_Tech_Dot_N.uasset"
[2020.02.03-22.23.27:989][  0]LogPackFactory: Copied "../../../Samples/StarterContent/Content/StarterContent/Textures/T_Tech_Hex_Tile_M.uasset" to "../../../../../../Users/bossley.9/Downloads/DemoSkeeBallProject/Content/StarterContent/Textures/T_Tech_Hex_Tile_M.uasset"
[2020.02.03-22.23.28:147][  0]LogPackFactory: Copied "../../../Samples/StarterContent/Content/StarterContent/Textures/T_Tech_Hex_Tile_N.uasset" to "../../../../../../Users/bossley.9/Downloads/DemoSkeeBallProject/Content/StarterContent/Textures/T_Tech_Hex_Tile_N.uasset"
[2020.02.03-22.23.28:270][  0]LogPackFactory: Copied "../../../Samples/StarterContent/Content/StarterContent/Textures/T_Tech_Panel_M.uasset" to "../../../../../../Users/bossley.9/Downloads/DemoSkeeBallProject/Content/StarterContent/Textures/T_Tech_Panel_M.uasset"
[2020.02.03-22.23.28:297][  0]LogPackFactory: Copied "../../../Samples/StarterContent/Content/StarterContent/Textures/T_Tech_Panel_N.uasset" to "../../../../../../Users/bossley.9/Downloads/DemoSkeeBallProject/Content/StarterContent/Textures/T_Tech_Panel_N.uasset"
[2020.02.03-22.23.28:319][  0]LogPackFactory: Copied "../../../Samples/StarterContent/Content/StarterContent/Textures/T_Water_M.uasset" to "../../../../../../Users/bossley.9/Downloads/DemoSkeeBallProject/Content/StarterContent/Textures/T_Water_M.uasset"
[2020.02.03-22.23.28:345][  0]LogPackFactory: Copied "../../../Samples/StarterContent/Content/StarterContent/Textures/T_Water_N.uasset" to "../../../../../../Users/bossley.9/Downloads/DemoSkeeBallProject/Content/StarterContent/Textures/T_Water_N.uasset"
[2020.02.03-22.23.28:435][  0]LogPackFactory: Copied "../../../Samples/StarterContent/Content/StarterContent/Textures/T_Wood_Floor_Walnut_D.uasset" to "../../../../../../Users/bossley.9/Downloads/DemoSkeeBallProject/Content/StarterContent/Textures/T_Wood_Floor_Walnut_D.uasset"
[2020.02.03-22.23.28:506][  0]LogPackFactory: Copied "../../../Samples/StarterContent/Content/StarterContent/Textures/T_Wood_Floor_Walnut_M.uasset" to "../../../../../../Users/bossley.9/Downloads/DemoSkeeBallProject/Content/StarterContent/Textures/T_Wood_Floor_Walnut_M.uasset"
[2020.02.03-22.23.28:529][  0]LogPackFactory: Copied "../../../Samples/StarterContent/Content/StarterContent/Textures/T_Wood_Floor_Walnut_N.uasset" to "../../../../../../Users/bossley.9/Downloads/DemoSkeeBallProject/Content/StarterContent/Textures/T_Wood_Floor_Walnut_N.uasset"
[2020.02.03-22.23.28:576][  0]LogPackFactory: Copied "../../../Samples/StarterContent/Content/StarterContent/Textures/T_Wood_Oak_D.uasset" to "../../../../../../Users/bossley.9/Downloads/DemoSkeeBallProject/Content/StarterContent/Textures/T_Wood_Oak_D.uasset"
[2020.02.03-22.23.28:621][  0]LogPackFactory: Copied "../../../Samples/StarterContent/Content/StarterContent/Textures/T_Wood_Oak_N.uasset" to "../../../../../../Users/bossley.9/Downloads/DemoSkeeBallProject/Content/StarterContent/Textures/T_Wood_Oak_N.uasset"
[2020.02.03-22.23.28:702][  0]LogPackFactory: Copied "../../../Samples/StarterContent/Content/StarterContent/Textures/T_Wood_Pine_D.uasset" to "../../../../../../Users/bossley.9/Downloads/DemoSkeeBallProject/Content/StarterContent/Textures/T_Wood_Pine_D.uasset"
[2020.02.03-22.23.28:779][  0]LogPackFactory: Copied "../../../Samples/StarterContent/Content/StarterContent/Textures/T_Wood_Pine_N.uasset" to "../../../../../../Users/bossley.9/Downloads/DemoSkeeBallProject/Content/StarterContent/Textures/T_Wood_Pine_N.uasset"
[2020.02.03-22.23.28:827][  0]LogPackFactory: Copied "../../../Samples/StarterContent/Content/StarterContent/Textures/T_Wood_Walnut_D.uasset" to "../../../../../../Users/bossley.9/Downloads/DemoSkeeBallProject/Content/StarterContent/Textures/T_Wood_Walnut_D.uasset"
[2020.02.03-22.23.28:871][  0]LogPackFactory: Copied "../../../Samples/StarterContent/Content/StarterContent/Textures/T_Wood_Walnut_N.uasset" to "../../../../../../Users/bossley.9/Downloads/DemoSkeeBallProject/Content/StarterContent/Textures/T_Wood_Walnut_N.uasset"
[2020.02.03-22.23.29:017][  0]LogRenderer: Reallocating scene render targets to support 256x256 Format 10 NumSamples 1 (Frame:1).
[2020.02.03-22.23.29:112][  0]LogSavePackage: Save=11.74ms
[2020.02.03-22.23.29:112][  0]LogSavePackage: Moving '../../../../../../Users/bossley.9/Downloads/DemoSkeeBallProject/Saved/Floor_400x40074888B6D400FE520E7E2699F07593AF0.tmp' to '../../../../../../Users/bossley.9/Downloads/DemoSkeeBallProject/Content/StarterContent/Architecture/Floor_400x400.uasset'
[2020.02.03-22.23.29:138][  0]LogSavePackage: Display: Finished SavePackage ../../../../../../Users/bossley.9/Downloads/DemoSkeeBallProject/Content/StarterContent/Architecture/Floor_400x400.uasset
[2020.02.03-22.23.29:138][  0]LogFeaturePack: Warning: Inserted 1 feature packs
[2020.02.03-22.23.29:140][  0]Cmd: MAP LOAD FILE="../../../../../../Users/bossley.9/Downloads/DemoSkeeBallProject/Content/Maps/SkeeBallArea.umap" TEMPLATE=0 SHOWPROGRESS=1 FEATURELEVEL=3
[2020.02.03-22.23.29:188][  0]LightingResults: New page: Lighting Build
[2020.02.03-22.23.29:351][  0]MapCheck: New page: Map Check
[2020.02.03-22.23.29:351][  0]LightingResults: New page: Lighting Build
[2020.02.03-22.23.30:367][  0]LogAIModule: Creating AISystem for world SkeeBallArea
[2020.02.03-22.23.30:375][  0]LogEditorServer: Finished looking for orphan Actors (0.000 secs)
[2020.02.03-22.23.30:386][  0]Cmd: MAP CHECKDEP NOCLEARLOG
[2020.02.03-22.23.30:555][  0]MapCheck: Map check complete: 0 Error(s), 0 Warning(s), took 169.523ms to complete.
[2020.02.03-22.23.30:555][  0]LogFileHelpers: Loading map 'SkeeBallArea' took 1.415
[2020.02.03-22.23.30:829][  0]LogCollectionManager: Loaded 0 collections in 0.007381 seconds
[2020.02.03-22.23.31:530][  0]LogFileCache: Scanning file cache for directory 'C:/Users/bossley.9/Downloads/DemoSkeeBallProject/Saved/Collections/' took 0.01s
[2020.02.03-22.23.31:531][  0]LogFileCache: Scanning file cache for directory 'C:/Users/bossley.9/Downloads/DemoSkeeBallProject/Content/Developers/bossley9/Collections/' took 0.01s
[2020.02.03-22.23.31:531][  0]LogFileCache: Scanning file cache for directory 'C:/Users/bossley.9/Downloads/DemoSkeeBallProject/Content/Collections/' took 0.01s
[2020.02.03-22.23.31:531][  0]LogCollectionManager: Rebuilt the GUID cache for 0 collections in 0.000001 seconds
[2020.02.03-22.23.31:544][  0]LogContentBrowser: Native class hierarchy populated in 0.0131 seconds. Added 2387 classes and 502 folders.
[2020.02.03-22.23.31:798][  0]LogContentBrowser: Native class hierarchy updated for 'WidgetCarousel' in 0.0066 seconds. Added 0 classes and 0 folders.
[2020.02.03-22.23.32:834][  0]LogContentBrowser: Native class hierarchy updated for 'AddContentDialog' in 0.0048 seconds. Added 0 classes and 0 folders.
[2020.02.03-22.23.32:999][  0]LogContentBrowser: Native class hierarchy updated for 'SceneOutliner' in 0.0056 seconds. Added 1 classes and 2 folders.
[2020.02.03-22.23.33:083][  0]LogSlate: Took 0.008995 seconds to synchronously load lazily loaded font '../../../Engine/Content/Slate/Fonts/Roboto-Regular.ttf' (155K)
[2020.02.03-22.23.33:095][  0]LogSlate: Took 0.009499 seconds to synchronously load lazily loaded font '../../../Engine/Content/Slate/Fonts/Roboto-Bold.ttf' (160K)
[2020.02.03-22.23.33:100][  0]LogSlate: Took 0.000301 seconds to synchronously load lazily loaded font '../../../Engine/Content/Editor/Slate/Fonts/FontAwesome.ttf' (139K)
[2020.02.03-22.23.33:153][  0]LogRenderer: Reallocating scene render targets to support 1524x816 Format 10 NumSamples 1 (Frame:1).
[2020.02.03-22.23.33:602][  0]LogContentBrowser: Native class hierarchy updated for 'HierarchicalLODOutliner' in 0.0081 seconds. Added 1 classes and 2 folders.
[2020.02.03-22.23.33:602][  0]LogLoad: (Engine Initialization) Total time: 119.65 seconds
[2020.02.03-22.23.33:602][  0]LogLoad: (Engine Initialization) Total Blueprint compile time: 0.00 seconds
[2020.02.03-22.23.33:602][  0]LogExternalProfiler: No external profilers were discovered.  External profiling features will not be available.
[2020.02.03-22.23.33:613][  0]LogWindowsTextInputMethodSystem: Display: IME system now deactivated.
[2020.02.03-22.23.33:628][  0]LogOcInput: OculusInput is initialized
[2020.02.03-22.23.35:273][  0]LogContentStreaming: Texture pool size now 1000 MB
[2020.02.03-22.23.35:345][  1]LogAssetRegistry: Asset discovery search completed in 65.0115 seconds
[2020.02.03-22.23.35:348][  1]LogCollectionManager: Rebuilt the object cache for 0 collections in 0.000001 seconds (found 0 objects)
[2020.02.03-22.23.35:348][  1]LogCollectionManager: Fixed up redirectors for 0 collections in 0.000050 seconds (updated 0 objects)
